SF:C:\Studia\SmartScheduleBackend\SmartSchedule.Api\Program.cs
FN:7,System.Void SmartSchedule.Api.Program::Main(System.String[])
FNDA:0,System.Void SmartSchedule.Api.Program::Main(System.String[])
DA:8,0
FN:10,Microsoft.AspNetCore.Hosting.IWebHostBuilder SmartSchedule.Api.Program::CreateWebHostBuilder(System.String[])
FNDA:0,Microsoft.AspNetCore.Hosting.IWebHostBuilder SmartSchedule.Api.Program::CreateWebHostBuilder(System.String[])
DA:11,0
DA:12,0
DA:13,0
LF:4
LH:0
BRF:0
BRH:0
FNF:2
FNH:0
end_of_record
SF:C:\Studia\SmartScheduleBackend\SmartSchedule.Api\Startup.cs
FN:35,Microsoft.Extensions.Configuration.IConfiguration SmartSchedule.Api.Startup::get_Configuration()
FNDA:0,Microsoft.Extensions.Configuration.IConfiguration SmartSchedule.Api.Startup::get_Configuration()
DA:36,0
FN:39,System.Void SmartSchedule.Api.Startup::ConfigureServices(Microsoft.Extensions.DependencyInjection.IServiceCollection)
FNDA:0,System.Void SmartSchedule.Api.Startup::ConfigureServices(Microsoft.Extensions.DependencyInjection.IServiceCollection)
DA:40,0
DA:42,0
DA:45,0
DA:46,0
DA:47,0
DA:48,0
DA:51,0
DA:53,0
DA:54,0
DA:56,0
DA:57,0
DA:59,0
DA:60,0
DA:61,0
DA:62,0
DA:63,0
DA:64,0
DA:65,0
DA:66,0
DA:67,0
DA:68,0
DA:69,0
DA:70,0
DA:71,0
DA:72,0
DA:73,0
DA:74,0
DA:75,0
DA:76,0
DA:77,0
DA:78,0
DA:81,0
DA:82,0
DA:84,0
DA:87,0
DA:88,0
DA:89,0
DA:90,0
DA:91,0
DA:92,0
DA:93,0
DA:94,0
DA:95,0
DA:96,0
DA:97,0
DA:98,0
DA:100,0
DA:101,0
DA:102,0
DA:103,0
DA:104,0
DA:105,0
DA:106,0
DA:107,0
DA:108,0
DA:109,0
DA:110,0
BRDA:45,57,0,0
BRDA:45,57,1,0
BRDA:53,131,0,0
BRDA:53,131,1,0
BRDA:61,229,0,0
BRDA:61,229,1,0
BRDA:87,312,0,0
BRDA:87,312,1,0
BRDA:100,350,0,0
BRDA:100,350,1,0
FN:113,System.Void SmartSchedule.Api.Startup::Configure(Microsoft.AspNetCore.Builder.IApplicationBuilder,Microsoft.AspNetCore.Hosting.IHostingEnvironment)
FNDA:0,System.Void SmartSchedule.Api.Startup::Configure(Microsoft.AspNetCore.Builder.IApplicationBuilder,Microsoft.AspNetCore.Hosting.IHostingEnvironment)
DA:114,0
DA:115,0
DA:116,0
DA:117,0
DA:118,0
DA:119,0
DA:121,0
DA:122,0
DA:123,0
DA:124,0
DA:125,0
DA:126,0
DA:127,0
DA:129,0
DA:130,0
DA:131,0
DA:132,0
DA:133,0
DA:134,0
DA:135,0
DA:136,0
BRDA:116,21,0,0
BRDA:116,21,1,0
BRDA:132,92,0,0
BRDA:132,92,1,0
FN:30,System.Void SmartSchedule.Api.Startup::.ctor(Microsoft.Extensions.Configuration.IConfiguration)
FNDA:0,System.Void SmartSchedule.Api.Startup::.ctor(Microsoft.Extensions.Configuration.IConfiguration)
DA:31,0
DA:32,0
DA:33,0
DA:34,0
LF:83
LH:0
BRF:16
BRH:0
FNF:4
FNH:0
end_of_record
SF:C:\Studia\SmartScheduleBackend\SmartSchedule.Api\Models\ValidationError.cs
FN:15,System.String SmartSchedule.Api.Models.ValidationError::get_Field()
FNDA:0,System.String SmartSchedule.Api.Models.ValidationError::get_Field()
DA:16,0
FN:17,System.String SmartSchedule.Api.Models.ValidationError::get_Message()
FNDA:0,System.String SmartSchedule.Api.Models.ValidationError::get_Message()
DA:18,0
FN:9,System.Void SmartSchedule.Api.Models.ValidationError::.ctor(System.String,System.String)
FNDA:0,System.Void SmartSchedule.Api.Models.ValidationError::.ctor(System.String,System.String)
DA:10,0
DA:11,0
DA:12,0
DA:13,0
DA:14,0
BRDA:12,20,0,0
BRDA:12,20,1,0
LF:7
LH:0
BRF:2
BRH:0
FNF:3
FNH:0
end_of_record
SF:C:\Studia\SmartScheduleBackend\SmartSchedule.Api\Models\ValidationResultModel.cs
FN:16,System.Collections.Generic.List`1<SmartSchedule.Api.Models.ValidationError> SmartSchedule.Api.Models.ValidationResultModel::get_Errors()
FNDA:0,System.Collections.Generic.List`1<SmartSchedule.Api.Models.ValidationError> SmartSchedule.Api.Models.ValidationResultModel::get_Errors()
DA:17,0
FN:18,System.String SmartSchedule.Api.Models.ValidationResultModel::get_Message()
FNDA:0,System.String SmartSchedule.Api.Models.ValidationResultModel::get_Message()
DA:19,0
FN:10,System.Void SmartSchedule.Api.Models.ValidationResultModel::.ctor(FluentValidation.ValidationException)
FNDA:0,System.Void SmartSchedule.Api.Models.ValidationResultModel::.ctor(FluentValidation.ValidationException)
DA:11,0
DA:12,0
DA:13,0
DA:14,0
DA:15,0
BRDA:13,25,0,0
BRDA:13,25,1,0
BRDA:14,58,0,0
BRDA:14,58,1,0
LF:7
LH:0
BRF:4
BRH:0
FNF:3
FNH:0
end_of_record
SF:C:\Studia\SmartScheduleBackend\SmartSchedule.Api\Filters\CustomExceptionFilterAttribute.cs
FN:13,System.Void SmartSchedule.Api.Filters.CustomExceptionFilterAttribute::OnException(Microsoft.AspNetCore.Mvc.Filters.ExceptionContext)
FNDA:0,System.Void SmartSchedule.Api.Filters.CustomExceptionFilterAttribute::OnException(Microsoft.AspNetCore.Mvc.Filters.ExceptionContext)
DA:14,0
DA:15,0
DA:16,0
DA:17,0
DA:18,0
DA:19,0
DA:21,0
DA:23,0
DA:24,0
DA:25,0
DA:26,0
DA:27,0
DA:29,0
DA:32,0
DA:34,0
DA:35,0
DA:36,0
DA:37,0
DA:39,0
DA:40,0
DA:41,0
DA:42,0
DA:43,0
DA:44,0
DA:45,0
DA:46,0
BRDA:15,19,0,0
BRDA:15,19,1,0
BRDA:23,105,0,0
BRDA:23,105,1,0
BRDA:34,188,0,0
BRDA:34,188,1,0
LF:26
LH:0
BRF:6
BRH:0
FNF:1
FNH:0
end_of_record
SF:C:\Studia\SmartScheduleBackend\SmartSchedule.Api\Controllers\BaseController.cs
FN:12,MediatR.IMediator SmartSchedule.Api.Controllers.BaseController::get_Mediator()
FNDA:0,MediatR.IMediator SmartSchedule.Api.Controllers.BaseController::get_Mediator()
DA:13,0
BRDA:13,7,0,0
BRDA:13,7,1,0
LF:1
LH:0
BRF:2
BRH:0
FNF:1
FNH:0
end_of_record
SF:C:\Studia\SmartScheduleBackend\SmartSchedule.Api\Controllers\CalendarController.cs
FN:17,System.Void SmartSchedule.Api.Controllers.CalendarController/<CreateCalendar>d__0::MoveNext()
FNDA:0,System.Void SmartSchedule.Api.Controllers.CalendarController/<CreateCalendar>d__0::MoveNext()
DA:18,0
DA:19,0
DA:20,0
BRDA:19,59,0,0
BRDA:19,59,1,0
FN:23,System.Void SmartSchedule.Api.Controllers.CalendarController/<DeleteCalendar>d__1::MoveNext()
FNDA:0,System.Void SmartSchedule.Api.Controllers.CalendarController/<DeleteCalendar>d__1::MoveNext()
DA:24,0
DA:25,0
DA:26,0
BRDA:25,59,0,0
BRDA:25,59,1,0
FN:29,System.Void SmartSchedule.Api.Controllers.CalendarController/<UpdateCalendar>d__2::MoveNext()
FNDA:0,System.Void SmartSchedule.Api.Controllers.CalendarController/<UpdateCalendar>d__2::MoveNext()
DA:30,0
DA:31,0
DA:32,0
BRDA:31,59,0,0
BRDA:31,59,1,0
FN:35,System.Void SmartSchedule.Api.Controllers.CalendarController/<AddFriendToCalendar>d__3::MoveNext()
FNDA:0,System.Void SmartSchedule.Api.Controllers.CalendarController/<AddFriendToCalendar>d__3::MoveNext()
DA:36,0
DA:37,0
DA:38,0
BRDA:37,59,0,0
BRDA:37,59,1,0
FN:41,System.Void SmartSchedule.Api.Controllers.CalendarController/<DeleteFriendFromCalendar>d__4::MoveNext()
FNDA:0,System.Void SmartSchedule.Api.Controllers.CalendarController/<DeleteFriendFromCalendar>d__4::MoveNext()
DA:42,0
DA:43,0
DA:44,0
BRDA:43,59,0,0
BRDA:43,59,1,0
FN:47,System.Void SmartSchedule.Api.Controllers.CalendarController/<DeleteEventsFromCalendar>d__5::MoveNext()
FNDA:0,System.Void SmartSchedule.Api.Controllers.CalendarController/<DeleteEventsFromCalendar>d__5::MoveNext()
DA:48,0
DA:49,0
DA:50,0
BRDA:49,59,0,0
BRDA:49,59,1,0
FN:53,System.Void SmartSchedule.Api.Controllers.CalendarController/<GetCalendarsList>d__6::MoveNext()
FNDA:0,System.Void SmartSchedule.Api.Controllers.CalendarController/<GetCalendarsList>d__6::MoveNext()
DA:54,0
DA:55,0
DA:56,0
BRDA:55,58,0,0
BRDA:55,58,1,0
FN:59,System.Void SmartSchedule.Api.Controllers.CalendarController/<GetCalendarDetails>d__7::MoveNext()
FNDA:0,System.Void SmartSchedule.Api.Controllers.CalendarController/<GetCalendarDetails>d__7::MoveNext()
DA:60,0
DA:61,0
DA:62,0
DA:63,0
DA:64,0
DA:66,0
DA:67,0
BRDA:66,83,0,0
BRDA:66,83,1,0
LF:28
LH:0
BRF:16
BRH:0
FNF:8
FNH:0
end_of_record
SF:C:\Studia\SmartScheduleBackend\SmartSchedule.Api\Controllers\EventController.cs
FN:14,System.Void SmartSchedule.Api.Controllers.EventController/<CreateEvent>d__0::MoveNext()
FNDA:0,System.Void SmartSchedule.Api.Controllers.EventController/<CreateEvent>d__0::MoveNext()
DA:15,0
DA:16,0
DA:17,0
BRDA:16,59,0,0
BRDA:16,59,1,0
FN:20,System.Void SmartSchedule.Api.Controllers.EventController/<UpdateEvent>d__1::MoveNext()
FNDA:0,System.Void SmartSchedule.Api.Controllers.EventController/<UpdateEvent>d__1::MoveNext()
DA:21,0
DA:22,0
DA:23,0
BRDA:22,59,0,0
BRDA:22,59,1,0
FN:26,System.Void SmartSchedule.Api.Controllers.EventController/<DeleteEvent>d__2::MoveNext()
FNDA:0,System.Void SmartSchedule.Api.Controllers.EventController/<DeleteEvent>d__2::MoveNext()
DA:27,0
DA:28,0
DA:29,0
BRDA:28,59,0,0
BRDA:28,59,1,0
FN:32,System.Void SmartSchedule.Api.Controllers.EventController/<GetCalendarsList>d__3::MoveNext()
FNDA:0,System.Void SmartSchedule.Api.Controllers.EventController/<GetCalendarsList>d__3::MoveNext()
DA:33,0
DA:34,0
DA:35,0
BRDA:34,58,0,0
BRDA:34,58,1,0
FN:38,System.Void SmartSchedule.Api.Controllers.EventController/<GetUserDetails>d__4::MoveNext()
FNDA:0,System.Void SmartSchedule.Api.Controllers.EventController/<GetUserDetails>d__4::MoveNext()
DA:39,0
DA:40,0
DA:41,0
DA:42,0
DA:43,0
DA:45,0
DA:46,0
BRDA:45,83,0,0
BRDA:45,83,1,0
LF:19
LH:0
BRF:10
BRH:0
FNF:5
FNH:0
end_of_record
SF:C:\Studia\SmartScheduleBackend\SmartSchedule.Api\Controllers\FriendsCommandController.cs
FN:18,System.Void SmartSchedule.Api.Controllers.FriendsCommandController/<CreateFriendRequest>d__0::MoveNext()
FNDA:0,System.Void SmartSchedule.Api.Controllers.FriendsCommandController/<CreateFriendRequest>d__0::MoveNext()
DA:19,0
DA:20,0
DA:21,0
DA:22,0
DA:23,0
DA:24,0
DA:25,0
DA:27,0
DA:28,0
BRDA:27,151,0,0
BRDA:27,151,1,0
FN:32,System.Void SmartSchedule.Api.Controllers.FriendsCommandController/<AcceptFriendRequest>d__1::MoveNext()
FNDA:0,System.Void SmartSchedule.Api.Controllers.FriendsCommandController/<AcceptFriendRequest>d__1::MoveNext()
DA:33,0
DA:34,0
DA:35,0
DA:36,0
DA:37,0
DA:38,0
DA:39,0
DA:41,0
DA:42,0
BRDA:41,151,0,0
BRDA:41,151,1,0
FN:46,System.Void SmartSchedule.Api.Controllers.FriendsCommandController/<RejectFriendRequest>d__2::MoveNext()
FNDA:0,System.Void SmartSchedule.Api.Controllers.FriendsCommandController/<RejectFriendRequest>d__2::MoveNext()
DA:47,0
DA:48,0
DA:49,0
DA:50,0
DA:51,0
DA:52,0
DA:53,0
DA:55,0
DA:56,0
BRDA:55,151,0,0
BRDA:55,151,1,0
FN:60,System.Void SmartSchedule.Api.Controllers.FriendsCommandController/<RemoveFriend>d__3::MoveNext()
FNDA:0,System.Void SmartSchedule.Api.Controllers.FriendsCommandController/<RemoveFriend>d__3::MoveNext()
DA:61,0
DA:62,0
DA:63,0
DA:64,0
DA:65,0
DA:66,0
DA:67,0
DA:69,0
DA:70,0
BRDA:69,151,0,0
BRDA:69,151,1,0
FN:74,System.Void SmartSchedule.Api.Controllers.FriendsCommandController/<BlockUser>d__4::MoveNext()
FNDA:0,System.Void SmartSchedule.Api.Controllers.FriendsCommandController/<BlockUser>d__4::MoveNext()
DA:75,0
DA:76,0
DA:77,0
DA:78,0
DA:79,0
DA:80,0
DA:81,0
DA:83,0
DA:84,0
BRDA:83,151,0,0
BRDA:83,151,1,0
FN:88,System.Void SmartSchedule.Api.Controllers.FriendsCommandController/<UnblockUser>d__5::MoveNext()
FNDA:0,System.Void SmartSchedule.Api.Controllers.FriendsCommandController/<UnblockUser>d__5::MoveNext()
DA:89,0
DA:90,0
DA:91,0
DA:92,0
DA:93,0
DA:94,0
DA:95,0
DA:97,0
DA:98,0
BRDA:97,151,0,0
BRDA:97,151,1,0
LF:54
LH:0
BRF:12
BRH:0
FNF:6
FNH:0
end_of_record
SF:C:\Studia\SmartScheduleBackend\SmartSchedule.Api\Controllers\FriendsQueryController.cs
FN:16,System.Void SmartSchedule.Api.Controllers.FriendsQueryController/<GetFriendsList>d__0::MoveNext()
FNDA:0,System.Void SmartSchedule.Api.Controllers.FriendsQueryController/<GetFriendsList>d__0::MoveNext()
DA:17,0
DA:18,0
DA:19,0
DA:20,0
DA:21,0
DA:22,0
DA:24,0
DA:25,0
BRDA:24,138,0,0
BRDA:24,138,1,0
FN:29,System.Void SmartSchedule.Api.Controllers.FriendsQueryController/<GetBlockedUsersList>d__1::MoveNext()
FNDA:0,System.Void SmartSchedule.Api.Controllers.FriendsQueryController/<GetBlockedUsersList>d__1::MoveNext()
DA:30,0
DA:31,0
DA:32,0
DA:33,0
DA:34,0
DA:35,0
DA:37,0
DA:38,0
BRDA:37,138,0,0
BRDA:37,138,1,0
FN:42,System.Void SmartSchedule.Api.Controllers.FriendsQueryController/<GetPendingUserFriendRequests>d__2::MoveNext()
FNDA:0,System.Void SmartSchedule.Api.Controllers.FriendsQueryController/<GetPendingUserFriendRequests>d__2::MoveNext()
DA:43,0
DA:44,0
DA:45,0
DA:46,0
DA:47,0
DA:48,0
DA:50,0
DA:51,0
BRDA:50,138,0,0
BRDA:50,138,1,0
FN:55,System.Void SmartSchedule.Api.Controllers.FriendsQueryController/<GetUserFriendRequests>d__3::MoveNext()
FNDA:0,System.Void SmartSchedule.Api.Controllers.FriendsQueryController/<GetUserFriendRequests>d__3::MoveNext()
DA:56,0
DA:57,0
DA:58,0
DA:59,0
DA:60,0
DA:61,0
DA:63,0
DA:64,0
BRDA:63,138,0,0
BRDA:63,138,1,0
LF:32
LH:0
BRF:8
BRH:0
FNF:4
FNH:0
end_of_record
SF:C:\Studia\SmartScheduleBackend\SmartSchedule.Api\Controllers\LoginController.cs
FN:9,System.Void SmartSchedule.Api.Controllers.LoginController::.ctor(SmartSchedule.Application.Interfaces.IJwtService)
FNDA:0,System.Void SmartSchedule.Api.Controllers.LoginController::.ctor(SmartSchedule.Application.Interfaces.IJwtService)
DA:10,0
DA:11,0
DA:12,0
DA:13,0
FN:15,System.Void SmartSchedule.Api.Controllers.LoginController/<Login>d__2::MoveNext()
FNDA:0,System.Void SmartSchedule.Api.Controllers.LoginController/<Login>d__2::MoveNext()
DA:16,0
DA:17,0
DA:18,0
BRDA:17,50,0,0
BRDA:17,50,1,0
LF:7
LH:0
BRF:2
BRH:0
FNF:2
FNH:0
end_of_record
SF:C:\Studia\SmartScheduleBackend\SmartSchedule.Api\Controllers\UserController.cs
FN:16,System.Void SmartSchedule.Api.Controllers.UserController/<Registration>d__0::MoveNext()
FNDA:0,System.Void SmartSchedule.Api.Controllers.UserController/<Registration>d__0::MoveNext()
DA:17,0
DA:18,0
DA:19,0
BRDA:18,59,0,0
BRDA:18,59,1,0
FN:23,System.Void SmartSchedule.Api.Controllers.UserController/<GetUserDetails>d__1::MoveNext()
FNDA:0,System.Void SmartSchedule.Api.Controllers.UserController/<GetUserDetails>d__1::MoveNext()
DA:24,0
DA:25,0
DA:26,0
DA:27,0
DA:28,0
DA:29,0
DA:31,0
DA:32,0
BRDA:31,138,0,0
BRDA:31,138,1,0
FN:36,System.Void SmartSchedule.Api.Controllers.UserController/<GetFriendDetails>d__2::MoveNext()
FNDA:0,System.Void SmartSchedule.Api.Controllers.UserController/<GetFriendDetails>d__2::MoveNext()
DA:37,0
DA:38,0
DA:39,0
DA:40,0
DA:41,0
DA:43,0
DA:44,0
BRDA:43,83,0,0
BRDA:43,83,1,0
FN:47,System.Void SmartSchedule.Api.Controllers.UserController/<GetUsersList>d__3::MoveNext()
FNDA:0,System.Void SmartSchedule.Api.Controllers.UserController/<GetUsersList>d__3::MoveNext()
DA:48,0
DA:49,0
DA:50,0
BRDA:49,58,0,0
BRDA:49,58,1,0
LF:21
LH:0
BRF:8
BRH:0
FNF:4
FNH:0
end_of_record
SF:C:\Studia\SmartScheduleBackend\SmartSchedule.Application\User\Queries\GetUserList\GetUsersListQueryHandler.cs
FN:16,System.Void SmartSchedule.Application.User.Queries.GetUserList.GetUsersListQueryHandler::.ctor(SmartSchedule.Persistence.SmartScheduleDbContext,AutoMapper.IMapper)
FNDA:1,System.Void SmartSchedule.Application.User.Queries.GetUserList.GetUsersListQueryHandler::.ctor(SmartSchedule.Persistence.SmartScheduleDbContext,AutoMapper.IMapper)
DA:17,1
DA:18,1
DA:19,1
DA:20,1
DA:21,1
FN:22,System.Void SmartSchedule.Application.User.Queries.GetUserList.GetUsersListQueryHandler/<Handle>d__3::MoveNext()
FNDA:1,System.Void SmartSchedule.Application.User.Queries.GetUserList.GetUsersListQueryHandler/<Handle>d__3::MoveNext()
DA:23,1
DA:24,1
DA:25,1
DA:26,1
DA:27,1
DA:28,1
BRDA:24,107,1,1
LF:11
LH:11
BRF:1
BRH:1
FNF:2
FNH:2
end_of_record
SF:C:\Studia\SmartScheduleBackend\SmartSchedule.Application\User\Queries\GetUserList\UserListViewModel.cs
FN:7,System.Collections.Generic.IList`1<SmartSchedule.Application.Models.UserLookupModel> SmartSchedule.Application.User.Queries.GetUserList.UserListViewModel::get_Users()
FNDA:1,System.Collections.Generic.IList`1<SmartSchedule.Application.Models.UserLookupModel> SmartSchedule.Application.User.Queries.GetUserList.UserListViewModel::get_Users()
DA:8,1
LF:1
LH:1
BRF:0
BRH:0
FNF:1
FNH:1
end_of_record
SF:C:\Studia\SmartScheduleBackend\SmartSchedule.Application\User\Queries\GetUserDetails\GetUserDetailQuery.cs
FN:6,System.Int32 SmartSchedule.Application.User.Queries.GetUserDetails.GetUserDetailQuery::get_Id()
FNDA:2,System.Int32 SmartSchedule.Application.User.Queries.GetUserDetails.GetUserDetailQuery::get_Id()
DA:7,2
LF:1
LH:1
BRF:0
BRH:0
FNF:1
FNH:1
end_of_record
SF:C:\Studia\SmartScheduleBackend\SmartSchedule.Application\User\Queries\GetUserDetails\GetUserDetailQueryHandler.cs
FN:12,System.Void SmartSchedule.Application.User.Queries.GetUserDetails.GetUserDetailQueryHandler::.ctor(SmartSchedule.Persistence.SmartScheduleDbContext)
FNDA:1,System.Void SmartSchedule.Application.User.Queries.GetUserDetails.GetUserDetailQueryHandler::.ctor(SmartSchedule.Persistence.SmartScheduleDbContext)
DA:13,1
DA:14,1
DA:15,1
DA:16,1
FN:17,System.Void SmartSchedule.Application.User.Queries.GetUserDetails.GetUserDetailQueryHandler/<Handle>d__2::MoveNext()
FNDA:1,System.Void SmartSchedule.Application.User.Queries.GetUserDetails.GetUserDetailQueryHandler/<Handle>d__2::MoveNext()
DA:18,1
DA:19,1
DA:21,1
DA:22,0
DA:23,0
DA:26,1
DA:27,1
BRDA:19,74,1,1
BRDA:21,188,1,1
LF:11
LH:9
BRF:2
BRH:2
FNF:2
FNH:2
end_of_record
SF:C:\Studia\SmartScheduleBackend\SmartSchedule.Application\User\Queries\GetUserDetails\UserDetailModel.cs
FN:9,System.Int32 SmartSchedule.Application.User.Queries.GetUserDetails.UserDetailModel::get_Id()
FNDA:2,System.Int32 SmartSchedule.Application.User.Queries.GetUserDetails.UserDetailModel::get_Id()
DA:10,2
FN:10,System.String SmartSchedule.Application.User.Queries.GetUserDetails.UserDetailModel::get_UserName()
FNDA:1,System.String SmartSchedule.Application.User.Queries.GetUserDetails.UserDetailModel::get_UserName()
DA:11,1
FN:11,System.String SmartSchedule.Application.User.Queries.GetUserDetails.UserDetailModel::get_Email()
FNDA:1,System.String SmartSchedule.Application.User.Queries.GetUserDetails.UserDetailModel::get_Email()
DA:12,1
FN:16,System.Linq.Expressions.Expression`1<System.Func`2<SmartSchedule.Domain.Entities.User,SmartSchedule.Application.User.Queries.GetUserDetails.UserDetailModel>> SmartSchedule.Application.User.Queries.GetUserDetails.UserDetailModel::get_Projection()
FNDA:1,System.Linq.Expressions.Expression`1<System.Func`2<SmartSchedule.Domain.Entities.User,SmartSchedule.Application.User.Queries.GetUserDetails.UserDetailModel>> SmartSchedule.Application.User.Queries.GetUserDetails.UserDetailModel::get_Projection()
DA:17,1
DA:18,1
DA:19,1
DA:20,1
DA:21,1
DA:22,1
DA:23,1
DA:24,1
FN:27,SmartSchedule.Application.User.Queries.GetUserDetails.UserDetailModel SmartSchedule.Application.User.Queries.GetUserDetails.UserDetailModel::Create(SmartSchedule.Domain.Entities.User)
FNDA:1,SmartSchedule.Application.User.Queries.GetUserDetails.UserDetailModel SmartSchedule.Application.User.Queries.GetUserDetails.UserDetailModel::Create(SmartSchedule.Domain.Entities.User)
DA:28,1
DA:29,1
DA:30,1
LF:14
LH:14
BRF:0
BRH:0
FNF:5
FNH:5
end_of_record
SF:C:\Studia\SmartScheduleBackend\SmartSchedule.Application\User\Commands\UpdateUser\UpdateUserCommand.cs
FN:11,System.Int32 SmartSchedule.Application.User.Commands.UpdateUser.UpdateUserCommand::get_Id()
FNDA:10,System.Int32 SmartSchedule.Application.User.Commands.UpdateUser.UpdateUserCommand::get_Id()
DA:12,10
FN:12,System.String SmartSchedule.Application.User.Commands.UpdateUser.UpdateUserCommand::get_UserName()
FNDA:5,System.String SmartSchedule.Application.User.Commands.UpdateUser.UpdateUserCommand::get_UserName()
DA:13,5
FN:13,System.String SmartSchedule.Application.User.Commands.UpdateUser.UpdateUserCommand::get_Email()
FNDA:14,System.String SmartSchedule.Application.User.Commands.UpdateUser.UpdateUserCommand::get_Email()
DA:14,14
FN:14,System.String SmartSchedule.Application.User.Commands.UpdateUser.UpdateUserCommand::get_Password()
FNDA:13,System.String SmartSchedule.Application.User.Commands.UpdateUser.UpdateUserCommand::get_Password()
DA:15,13
FN:19,System.Void SmartSchedule.Application.User.Commands.UpdateUser.UpdateUserCommand/Handler::.ctor(SmartSchedule.Persistence.SmartScheduleDbContext)
FNDA:3,System.Void SmartSchedule.Application.User.Commands.UpdateUser.UpdateUserCommand/Handler::.ctor(SmartSchedule.Persistence.SmartScheduleDbContext)
DA:20,3
DA:21,3
DA:22,3
DA:23,3
FN:24,System.Void SmartSchedule.Application.User.Commands.UpdateUser.UpdateUserCommand/Handler/<Handle>d__2::MoveNext()
FNDA:3,System.Void SmartSchedule.Application.User.Commands.UpdateUser.UpdateUserCommand/Handler/<Handle>d__2::MoveNext()
DA:25,3
DA:26,3
DA:28,3
DA:29,0
DA:30,0
DA:33,3
DA:34,3
DA:35,3
DA:36,2
DA:37,2
DA:40,1
DA:41,1
DA:42,1
DA:44,1
DA:46,1
DA:48,1
DA:49,1
BRDA:26,108,1,3
BRDA:28,222,1,3
BRDA:34,326,1,3
BRDA:35,447,0,2
BRDA:35,447,1,1
BRDA:46,600,1,1
BRDA:48,698,1,1
LF:25
LH:23
BRF:7
BRH:7
FNF:6
FNH:6
end_of_record
SF:C:\Studia\SmartScheduleBackend\SmartSchedule.Application\User\Commands\UpdateUser\UpdateUserCommandValidator.cs
FN:8,System.Void SmartSchedule.Application.User.Commands.UpdateUser.UpdateUserCommandValidator::.ctor(SmartSchedule.Persistence.SmartScheduleDbContext)
FNDA:3,System.Void SmartSchedule.Application.User.Commands.UpdateUser.UpdateUserCommandValidator::.ctor(SmartSchedule.Persistence.SmartScheduleDbContext)
DA:9,3
DA:10,3
DA:11,3
DA:12,6
DA:13,6
DA:14,3
DA:15,6
DA:16,5
DA:17,5
DA:18,3
DA:19,3
DA:20,4
DA:21,6
DA:22,3
DA:23,3
LF:15
LH:15
BRF:5
BRH:5
FNF:1
FNH:1
end_of_record
SF:C:\Studia\SmartScheduleBackend\SmartSchedule.Application\User\Commands\DeleteUser\DeleteUserCommand.cs
FN:11,System.Int32 SmartSchedule.Application.User.Commands.DeleteUser.DeleteUserCommand::get_Id()
FNDA:5,System.Int32 SmartSchedule.Application.User.Commands.DeleteUser.DeleteUserCommand::get_Id()
DA:12,5
FN:16,System.Void SmartSchedule.Application.User.Commands.DeleteUser.DeleteUserCommand/Handler::.ctor(SmartSchedule.Persistence.SmartScheduleDbContext)
FNDA:2,System.Void SmartSchedule.Application.User.Commands.DeleteUser.DeleteUserCommand/Handler::.ctor(SmartSchedule.Persistence.SmartScheduleDbContext)
DA:17,2
DA:18,2
DA:19,2
DA:20,2
FN:21,System.Void SmartSchedule.Application.User.Commands.DeleteUser.DeleteUserCommand/Handler/<Handle>d__2::MoveNext()
FNDA:2,System.Void SmartSchedule.Application.User.Commands.DeleteUser.DeleteUserCommand/Handler/<Handle>d__2::MoveNext()
DA:22,2
DA:23,2
DA:25,2
DA:26,1
DA:27,1
DA:30,1
DA:31,1
DA:33,1
DA:34,1
BRDA:23,262,1,2
BRDA:25,377,0,1
BRDA:25,377,1,1
BRDA:31,480,1,1
BRDA:33,579,1,1
LF:14
LH:14
BRF:5
BRH:5
FNF:3
FNH:3
end_of_record
SF:C:\Studia\SmartScheduleBackend\SmartSchedule.Application\User\Commands\CreateUser\CreateUserCommand.cs
FN:11,System.String SmartSchedule.Application.User.Commands.CreateUser.CreateUserCommand::get_UserName()
FNDA:5,System.String SmartSchedule.Application.User.Commands.CreateUser.CreateUserCommand::get_UserName()
DA:12,5
FN:12,System.String SmartSchedule.Application.User.Commands.CreateUser.CreateUserCommand::get_Email()
FNDA:13,System.String SmartSchedule.Application.User.Commands.CreateUser.CreateUserCommand::get_Email()
DA:13,13
FN:13,System.String SmartSchedule.Application.User.Commands.CreateUser.CreateUserCommand::get_Password()
FNDA:12,System.String SmartSchedule.Application.User.Commands.CreateUser.CreateUserCommand::get_Password()
DA:14,12
FN:18,System.Void SmartSchedule.Application.User.Commands.CreateUser.CreateUserCommand/Handler::.ctor(SmartSchedule.Persistence.SmartScheduleDbContext)
FNDA:3,System.Void SmartSchedule.Application.User.Commands.CreateUser.CreateUserCommand/Handler::.ctor(SmartSchedule.Persistence.SmartScheduleDbContext)
DA:19,3
DA:20,3
DA:21,3
DA:22,3
FN:23,System.Void SmartSchedule.Application.User.Commands.CreateUser.CreateUserCommand/Handler/<Handle>d__2::MoveNext()
FNDA:3,System.Void SmartSchedule.Application.User.Commands.CreateUser.CreateUserCommand/Handler/<Handle>d__2::MoveNext()
DA:24,3
DA:25,3
DA:26,3
DA:27,3
DA:28,2
DA:29,2
DA:32,1
DA:33,1
DA:34,1
DA:35,1
DA:36,1
DA:37,1
DA:38,1
DA:40,1
DA:42,1
DA:43,1
BRDA:26,113,1,3
BRDA:27,232,0,2
BRDA:27,232,1,1
BRDA:40,381,1,1
BRDA:42,479,1,1
LF:23
LH:23
BRF:5
BRH:5
FNF:5
FNH:5
end_of_record
SF:C:\Studia\SmartScheduleBackend\SmartSchedule.Application\User\Commands\CreateUser\CreateUserCommandValidator.cs
FN:8,System.Void SmartSchedule.Application.User.Commands.CreateUser.CreateUserCommandValidator::.ctor(SmartSchedule.Persistence.SmartScheduleDbContext)
FNDA:3,System.Void SmartSchedule.Application.User.Commands.CreateUser.CreateUserCommandValidator::.ctor(SmartSchedule.Persistence.SmartScheduleDbContext)
DA:9,3
DA:10,3
DA:11,3
DA:12,6
DA:13,6
DA:14,3
DA:15,6
DA:16,4
DA:17,4
DA:18,3
DA:19,3
DA:20,5
DA:21,6
DA:22,3
DA:23,3
LF:15
LH:15
BRF:4
BRH:4
FNF:1
FNH:1
end_of_record
SF:C:\Studia\SmartScheduleBackend\SmartSchedule.Application\Models\EmailSignInModel.cs
FN:4,System.String SmartSchedule.Application.Models.EmailSignInModel::get_Email()
FNDA:8,System.String SmartSchedule.Application.Models.EmailSignInModel::get_Email()
DA:5,8
FN:5,System.String SmartSchedule.Application.Models.EmailSignInModel::get_Password()
FNDA:5,System.String SmartSchedule.Application.Models.EmailSignInModel::get_Password()
DA:6,5
LF:2
LH:2
BRF:0
BRH:0
FNF:2
FNH:2
end_of_record
SF:C:\Studia\SmartScheduleBackend\SmartSchedule.Application\Models\JwtSettings.cs
FN:4,System.String SmartSchedule.Application.Models.JwtSettings::get_Key()
FNDA:5,System.String SmartSchedule.Application.Models.JwtSettings::get_Key()
DA:5,5
LF:1
LH:1
BRF:0
BRH:0
FNF:1
FNH:1
end_of_record
SF:C:\Studia\SmartScheduleBackend\SmartSchedule.Application\Models\JwtTokenModel.cs
FN:6,System.String SmartSchedule.Application.Models.JwtTokenModel::get_Token()
FNDA:1,System.String SmartSchedule.Application.Models.JwtTokenModel::get_Token()
DA:7,1
FN:7,System.DateTime SmartSchedule.Application.Models.JwtTokenModel::get_ValidTo()
FNDA:1,System.DateTime SmartSchedule.Application.Models.JwtTokenModel::get_ValidTo()
DA:8,1
LF:2
LH:2
BRF:0
BRH:0
FNF:2
FNH:2
end_of_record
SF:C:\Studia\SmartScheduleBackend\SmartSchedule.Application\Models\UserLookupModel.cs
FN:7,System.Int32 SmartSchedule.Application.Models.UserLookupModel::get_Id()
FNDA:17,System.Int32 SmartSchedule.Application.Models.UserLookupModel::get_Id()
DA:8,17
FN:8,System.String SmartSchedule.Application.Models.UserLookupModel::get_Email()
FNDA:17,System.String SmartSchedule.Application.Models.UserLookupModel::get_Email()
DA:9,17
FN:10,System.Void SmartSchedule.Application.Models.UserLookupModel::CreateMappings(AutoMapper.Profile)
FNDA:2,System.Void SmartSchedule.Application.Models.UserLookupModel::CreateMappings(AutoMapper.Profile)
DA:11,2
DA:12,2
DA:13,4
DA:14,4
DA:15,2
BRDA:12,70,0,1
BRDA:12,70,1,2
BRDA:12,163,0,2
BRDA:12,163,1,2
LF:7
LH:7
BRF:4
BRH:4
FNF:3
FNH:3
end_of_record
SF:C:\Studia\SmartScheduleBackend\SmartSchedule.Application\Infrastructure\AutoMapper\AutoMapperProfile.cs
FN:15,System.Void SmartSchedule.Application.Infrastructure.AutoMapper.AutoMapperProfile::LoadConverters()
FNDA:2,System.Void SmartSchedule.Application.Infrastructure.AutoMapper.AutoMapperProfile::LoadConverters()
DA:16,2
DA:18,2
FN:20,System.Void SmartSchedule.Application.Infrastructure.AutoMapper.AutoMapperProfile::LoadStandardMappings()
FNDA:2,System.Void SmartSchedule.Application.Infrastructure.AutoMapper.AutoMapperProfile::LoadStandardMappings()
DA:21,2
DA:22,2
DA:24,6
DA:25,0
DA:26,0
DA:27,0
DA:28,2
BRDA:24,61,1,0
BRDA:24,61,0,2
FN:30,System.Void SmartSchedule.Application.Infrastructure.AutoMapper.AutoMapperProfile::LoadCustomMappings()
FNDA:2,System.Void SmartSchedule.Application.Infrastructure.AutoMapper.AutoMapperProfile::LoadCustomMappings()
DA:31,2
DA:32,2
DA:34,18
DA:35,6
DA:36,6
DA:37,6
DA:38,2
BRDA:34,45,1,6
BRDA:34,45,0,2
FN:7,System.Void SmartSchedule.Application.Infrastructure.AutoMapper.AutoMapperProfile::.ctor()
FNDA:2,System.Void SmartSchedule.Application.Infrastructure.AutoMapper.AutoMapperProfile::.ctor()
DA:8,2
DA:9,2
DA:10,2
DA:11,2
DA:12,2
DA:13,2
LF:22
LH:19
BRF:4
BRH:3
FNF:4
FNH:4
end_of_record
SF:C:\Studia\SmartScheduleBackend\SmartSchedule.Application\Infrastructure\AutoMapper\MapperProfileHelper.cs
FN:10,System.Type SmartSchedule.Application.Infrastructure.AutoMapper.Map::get_Source()
FNDA:0,System.Type SmartSchedule.Application.Infrastructure.AutoMapper.Map::get_Source()
DA:11,0
FN:11,System.Type SmartSchedule.Application.Infrastructure.AutoMapper.Map::get_Destination()
FNDA:0,System.Type SmartSchedule.Application.Infrastructure.AutoMapper.Map::get_Destination()
DA:12,0
FN:17,System.Collections.Generic.IList`1<SmartSchedule.Application.Infrastructure.AutoMapper.Map> SmartSchedule.Application.Infrastructure.AutoMapper.MapperProfileHelper::LoadStandardMappings(System.Reflection.Assembly)
FNDA:2,System.Collections.Generic.IList`1<SmartSchedule.Application.Infrastructure.AutoMapper.Map> SmartSchedule.Application.Infrastructure.AutoMapper.MapperProfileHelper::LoadStandardMappings(System.Reflection.Assembly)
DA:18,2
DA:19,2
DA:21,2
DA:22,2
DA:23,518
DA:24,2
DA:25,326
DA:26,326
DA:27,326
DA:28,2
DA:29,2
DA:30,2
DA:31,2
DA:32,2
DA:34,2
DA:35,2
BRDA:21,15,0,1
BRDA:21,15,1,2
BRDA:21,46,0,1
BRDA:21,46,1,2
BRDA:21,82,0,1
BRDA:21,82,1,2
BRDA:21,118,0,2
BRDA:21,118,1,2
FN:37,System.Collections.Generic.IList`1<SmartSchedule.Application.Interfaces.Mapping.IHaveCustomMapping> SmartSchedule.Application.Infrastructure.AutoMapper.MapperProfileHelper::LoadCustomMappings(System.Reflection.Assembly)
FNDA:2,System.Collections.Generic.IList`1<SmartSchedule.Application.Interfaces.Mapping.IHaveCustomMapping> SmartSchedule.Application.Infrastructure.AutoMapper.MapperProfileHelper::LoadCustomMappings(System.Reflection.Assembly)
DA:38,2
DA:39,2
DA:41,2
DA:42,2
DA:43,518
DA:44,2
DA:45,326
DA:46,326
DA:47,326
DA:48,8
DA:50,2
DA:51,2
BRDA:41,15,0,1
BRDA:41,15,1,2
BRDA:41,46,0,1
BRDA:41,46,1,2
BRDA:41,82,0,1
BRDA:41,82,1,2
BRDA:41,118,0,1
BRDA:41,118,1,2
LF:30
LH:28
BRF:26
BRH:24
FNF:4
FNH:2
end_of_record
SF:C:\Studia\SmartScheduleBackend\SmartSchedule.Application\Helpers\HashedPassword.cs
FN:7,System.String SmartSchedule.Application.Helpers.HashedPassword::get_Salt()
FNDA:40,System.String SmartSchedule.Application.Helpers.HashedPassword::get_Salt()
DA:8,40
FN:8,System.String SmartSchedule.Application.Helpers.HashedPassword::get_Hash()
FNDA:40,System.String SmartSchedule.Application.Helpers.HashedPassword::get_Hash()
DA:9,40
FN:32,System.Byte[] SmartSchedule.Application.Helpers.HashedPassword::SaltToArray()
FNDA:2,System.Byte[] SmartSchedule.Application.Helpers.HashedPassword::SaltToArray()
DA:33,2
DA:34,2
DA:35,2
FN:36,System.Byte[] SmartSchedule.Application.Helpers.HashedPassword::HashToArray()
FNDA:2,System.Byte[] SmartSchedule.Application.Helpers.HashedPassword::HashToArray()
DA:37,2
DA:38,2
DA:39,2
FN:41,System.String SmartSchedule.Application.Helpers.HashedPassword::ToSaltedPassword()
FNDA:16,System.String SmartSchedule.Application.Helpers.HashedPassword::ToSaltedPassword()
DA:42,16
DA:43,16
DA:44,16
FN:10,System.Void SmartSchedule.Application.Helpers.HashedPassword::.ctor()
FNDA:0,System.Void SmartSchedule.Application.Helpers.HashedPassword::.ctor()
DA:11,0
DA:12,0
DA:13,0
FN:14,System.Void SmartSchedule.Application.Helpers.HashedPassword::.ctor(System.Byte[],System.Byte[])
FNDA:10,System.Void SmartSchedule.Application.Helpers.HashedPassword::.ctor(System.Byte[],System.Byte[])
DA:15,10
DA:16,10
DA:17,10
DA:18,10
DA:19,10
FN:20,System.Void SmartSchedule.Application.Helpers.HashedPassword::.ctor(System.String,System.String)
FNDA:0,System.Void SmartSchedule.Application.Helpers.HashedPassword::.ctor(System.String,System.String)
DA:21,0
DA:22,0
DA:23,0
DA:24,0
DA:25,0
FN:26,System.Void SmartSchedule.Application.Helpers.HashedPassword::.ctor(System.String)
FNDA:12,System.Void SmartSchedule.Application.Helpers.HashedPassword::.ctor(System.String)
DA:27,12
DA:28,12
DA:29,12
DA:30,12
DA:31,12
LF:29
LH:21
BRF:0
BRH:0
FNF:9
FNH:7
end_of_record
SF:C:\Studia\SmartScheduleBackend\SmartSchedule.Application\Helpers\PasswordHelper.cs
FN:11,System.String SmartSchedule.Application.Helpers.PasswordHelper::CreateHash(System.String)
FNDA:10,System.String SmartSchedule.Application.Helpers.PasswordHelper::CreateHash(System.String)
DA:12,10
DA:14,10
DA:15,10
DA:16,10
DA:17,10
DA:18,10
DA:20,10
DA:21,10
DA:22,10
FN:24,System.Boolean SmartSchedule.Application.Helpers.PasswordHelper::ValidatePassword(System.String,System.String)
FNDA:2,System.Boolean SmartSchedule.Application.Helpers.PasswordHelper::ValidatePassword(System.String,System.String)
DA:25,2
DA:26,2
DA:27,2
DA:28,2
DA:29,2
FN:31,System.Byte[] SmartSchedule.Application.Helpers.PasswordHelper::PBKDF2(System.String,System.Byte[],System.Int32,System.Int32)
FNDA:12,System.Byte[] SmartSchedule.Application.Helpers.PasswordHelper::PBKDF2(System.String,System.Byte[],System.Int32,System.Int32)
DA:32,12
DA:33,12
DA:34,12
DA:35,12
DA:37,12
FN:39,System.Boolean SmartSchedule.Application.Helpers.PasswordHelper::ConstantTimeEquals(System.Byte[],System.Byte[])
FNDA:2,System.Boolean SmartSchedule.Application.Helpers.PasswordHelper::ConstantTimeEquals(System.Byte[],System.Byte[])
DA:40,2
DA:41,2
DA:42,68
DA:43,32
DA:44,32
DA:45,32
DA:46,2
DA:47,2
BRDA:42,46,1,32
BRDA:42,33,0,32
BRDA:42,33,1,2
BRDA:42,46,0,2
LF:27
LH:27
BRF:4
BRH:4
FNF:4
FNH:4
end_of_record
SF:C:\Studia\SmartScheduleBackend\SmartSchedule.Application\Friends\Queries\GetUserFriendRequests\GetUserFriendRequestsQuery.cs
FN:7,System.Int32 SmartSchedule.Application.Friends.Queries.GetUserFriendRequests.GetUserFriendRequestsQuery::get_UserId()
FNDA:2,System.Int32 SmartSchedule.Application.Friends.Queries.GetUserFriendRequests.GetUserFriendRequestsQuery::get_UserId()
DA:8,2
LF:1
LH:1
BRF:0
BRH:0
FNF:1
FNH:1
end_of_record
SF:C:\Studia\SmartScheduleBackend\SmartSchedule.Application\Friends\Queries\GetUserFriendRequests\GetUserFriendRequestsQueryHandler.cs
FN:18,System.Void SmartSchedule.Application.Friends.Queries.GetUserFriendRequests.GetUserFriendRequestsQueryHandler::.ctor(SmartSchedule.Persistence.SmartScheduleDbContext,AutoMapper.IMapper)
FNDA:1,System.Void SmartSchedule.Application.Friends.Queries.GetUserFriendRequests.GetUserFriendRequestsQueryHandler::.ctor(SmartSchedule.Persistence.SmartScheduleDbContext,AutoMapper.IMapper)
DA:19,1
DA:20,1
DA:21,1
DA:22,1
DA:23,1
FN:24,System.Void SmartSchedule.Application.Friends.Queries.GetUserFriendRequests.GetUserFriendRequestsQueryHandler/<Handle>d__3::MoveNext()
FNDA:1,System.Void SmartSchedule.Application.Friends.Queries.GetUserFriendRequests.GetUserFriendRequestsQueryHandler/<Handle>d__3::MoveNext()
DA:25,1
DA:26,1
DA:27,1
DA:28,1
DA:29,1
DA:30,1
DA:31,1
DA:32,1
DA:33,1
DA:34,1
DA:35,1
DA:36,1
DA:38,9
DA:39,3
DA:40,3
DA:41,3
DA:43,3
DA:44,3
DA:46,1
DA:47,1
BRDA:26,650,1,1
BRDA:38,921,1,3
BRDA:40,825,0,1
BRDA:40,825,1,2
BRDA:38,921,0,1
LF:25
LH:25
BRF:5
BRH:5
FNF:2
FNH:2
end_of_record
SF:C:\Studia\SmartScheduleBackend\SmartSchedule.Application\Friends\Queries\GetPendingUserFriendRequests\GetPendingUserFriendRequestsQuery.cs
FN:7,System.Int32 SmartSchedule.Application.Friends.Queries.GetPendingUserFriendRequests.GetPendingUserFriendRequestsQuery::get_UserId()
FNDA:2,System.Int32 SmartSchedule.Application.Friends.Queries.GetPendingUserFriendRequests.GetPendingUserFriendRequestsQuery::get_UserId()
DA:8,2
LF:1
LH:1
BRF:0
BRH:0
FNF:1
FNH:1
end_of_record
SF:C:\Studia\SmartScheduleBackend\SmartSchedule.Application\Friends\Queries\GetPendingUserFriendRequests\GetPendingUserFriendRequestsQueryHandler.cs
FN:19,System.Void SmartSchedule.Application.Friends.Queries.GetPendingUserFriendRequests.GetPendingUserFriendRequestsQueryHandler::.ctor(SmartSchedule.Persistence.SmartScheduleDbContext,AutoMapper.IMapper)
FNDA:1,System.Void SmartSchedule.Application.Friends.Queries.GetPendingUserFriendRequests.GetPendingUserFriendRequestsQueryHandler::.ctor(SmartSchedule.Persistence.SmartScheduleDbContext,AutoMapper.IMapper)
DA:20,1
DA:21,1
DA:22,1
DA:23,1
DA:24,1
FN:26,System.Void SmartSchedule.Application.Friends.Queries.GetPendingUserFriendRequests.GetPendingUserFriendRequestsQueryHandler/<Handle>d__3::MoveNext()
FNDA:1,System.Void SmartSchedule.Application.Friends.Queries.GetPendingUserFriendRequests.GetPendingUserFriendRequestsQueryHandler/<Handle>d__3::MoveNext()
DA:27,1
DA:28,1
DA:29,1
DA:30,1
DA:31,1
DA:32,1
DA:33,1
DA:34,1
DA:35,1
DA:36,1
DA:37,1
DA:38,1
DA:40,7
DA:41,2
DA:42,2
DA:43,2
DA:45,2
DA:46,2
DA:48,1
DA:49,1
BRDA:28,650,1,1
BRDA:40,922,1,2
BRDA:42,826,0,1
BRDA:42,826,1,1
BRDA:40,922,0,1
LF:25
LH:25
BRF:5
BRH:5
FNF:2
FNH:2
end_of_record
SF:C:\Studia\SmartScheduleBackend\SmartSchedule.Application\Friends\Queries\GetFriends\GetFriendsListQuery.cs
FN:7,System.Int32 SmartSchedule.Application.Friends.Queries.GetFriends.GetFriendsListQuery::get_UserId()
FNDA:3,System.Int32 SmartSchedule.Application.Friends.Queries.GetFriends.GetFriendsListQuery::get_UserId()
DA:8,3
LF:1
LH:1
BRF:0
BRH:0
FNF:1
FNH:1
end_of_record
SF:C:\Studia\SmartScheduleBackend\SmartSchedule.Application\Friends\Queries\GetFriends\GetFriendsListQueryHandler.cs
FN:18,System.Void SmartSchedule.Application.Friends.Queries.GetFriends.GetFriendsListQueryHandler::.ctor(SmartSchedule.Persistence.SmartScheduleDbContext,AutoMapper.IMapper)
FNDA:1,System.Void SmartSchedule.Application.Friends.Queries.GetFriends.GetFriendsListQueryHandler::.ctor(SmartSchedule.Persistence.SmartScheduleDbContext,AutoMapper.IMapper)
DA:19,1
DA:20,1
DA:21,1
DA:22,1
DA:23,1
FN:25,System.Void SmartSchedule.Application.Friends.Queries.GetFriends.GetFriendsListQueryHandler/<Handle>d__3::MoveNext()
FNDA:1,System.Void SmartSchedule.Application.Friends.Queries.GetFriends.GetFriendsListQueryHandler/<Handle>d__3::MoveNext()
DA:26,1
DA:27,1
DA:28,1
DA:29,1
DA:30,1
DA:31,1
DA:32,1
DA:33,1
DA:34,1
DA:35,1
DA:36,1
DA:38,5
DA:39,1
DA:40,1
DA:41,1
DA:42,1
DA:44,1
DA:45,1
BRDA:27,559,1,1
BRDA:38,858,1,1
BRDA:40,762,1,1
BRDA:38,858,0,1
LF:23
LH:23
BRF:4
BRH:4
FNF:2
FNH:2
end_of_record
SF:C:\Studia\SmartScheduleBackend\SmartSchedule.Application\Friends\Queries\GetBlockedUsers\GetBlockedUsersListQuery.cs
FN:6,System.Int32 SmartSchedule.Application.Friends.Queries.GetBlockedUsers.GetBlockedUsersListQuery::get_UserId()
FNDA:4,System.Int32 SmartSchedule.Application.Friends.Queries.GetBlockedUsers.GetBlockedUsersListQuery::get_UserId()
DA:7,4
LF:1
LH:1
BRF:0
BRH:0
FNF:1
FNH:1
end_of_record
SF:C:\Studia\SmartScheduleBackend\SmartSchedule.Application\Friends\Queries\GetBlockedUsers\GetBlockedUsersListQueryHandler.cs
FN:18,System.Void SmartSchedule.Application.Friends.Queries.GetBlockedUsers.GetBlockedUsersListQueryHandler::.ctor(SmartSchedule.Persistence.SmartScheduleDbContext,AutoMapper.IMapper)
FNDA:1,System.Void SmartSchedule.Application.Friends.Queries.GetBlockedUsers.GetBlockedUsersListQueryHandler::.ctor(SmartSchedule.Persistence.SmartScheduleDbContext,AutoMapper.IMapper)
DA:19,1
DA:20,1
DA:21,1
DA:22,1
DA:23,1
FN:24,System.Void SmartSchedule.Application.Friends.Queries.GetBlockedUsers.GetBlockedUsersListQueryHandler/<Handle>d__3::MoveNext()
FNDA:1,System.Void SmartSchedule.Application.Friends.Queries.GetBlockedUsers.GetBlockedUsersListQueryHandler/<Handle>d__3::MoveNext()
DA:25,1
DA:26,1
DA:27,1
DA:28,1
DA:29,1
DA:30,1
DA:31,1
DA:32,1
DA:33,1
DA:34,1
DA:35,1
DA:36,1
DA:37,1
DA:38,1
DA:40,9
DA:41,3
DA:42,3
DA:43,3
DA:44,3
DA:45,2
DA:46,2
DA:47,2
DA:48,3
DA:49,3
DA:51,1
DA:52,1
BRDA:26,832,1,1
BRDA:40,1215,1,3
BRDA:42,1011,0,3
BRDA:44,1078,0,2
BRDA:46,1118,1,2
BRDA:44,1078,1,3
BRDA:40,1215,0,1
LF:31
LH:31
BRF:7
BRH:7
FNF:2
FNH:2
end_of_record
SF:C:\Studia\SmartScheduleBackend\SmartSchedule.Application\Friends\Models\FriendsListViewModel.cs
FN:6,System.Collections.Generic.List`1<SmartSchedule.Application.Models.UserLookupModel> SmartSchedule.Application.Friends.Models.FriendsListViewModel::get_Users()
FNDA:17,System.Collections.Generic.List`1<SmartSchedule.Application.Models.UserLookupModel> SmartSchedule.Application.Friends.Models.FriendsListViewModel::get_Users()
DA:7,17
LF:1
LH:1
BRF:0
BRH:0
FNF:1
FNH:1
end_of_record
SF:C:\Studia\SmartScheduleBackend\SmartSchedule.Application\Friends\Commands\UnblockUser\UnblockUserCommand.cs
FN:11,System.Int32 SmartSchedule.Application.Friends.Commands.UnblockUser.UnblockUserCommand::get_UserId()
FNDA:6,System.Int32 SmartSchedule.Application.Friends.Commands.UnblockUser.UnblockUserCommand::get_UserId()
DA:12,6
FN:12,System.Int32 SmartSchedule.Application.Friends.Commands.UnblockUser.UnblockUserCommand::get_UserToUnblockId()
FNDA:6,System.Int32 SmartSchedule.Application.Friends.Commands.UnblockUser.UnblockUserCommand::get_UserToUnblockId()
DA:13,6
FN:18,System.Void SmartSchedule.Application.Friends.Commands.UnblockUser.UnblockUserCommand/Handler::.ctor(SmartSchedule.Persistence.SmartScheduleDbContext)
FNDA:2,System.Void SmartSchedule.Application.Friends.Commands.UnblockUser.UnblockUserCommand/Handler::.ctor(SmartSchedule.Persistence.SmartScheduleDbContext)
DA:19,2
DA:20,2
DA:21,2
DA:22,2
FN:23,System.Void SmartSchedule.Application.Friends.Commands.UnblockUser.UnblockUserCommand/Handler/<Handle>d__2::MoveNext()
FNDA:2,System.Void SmartSchedule.Application.Friends.Commands.UnblockUser.UnblockUserCommand/Handler/<Handle>d__2::MoveNext()
DA:24,2
DA:25,2
DA:26,2
DA:27,2
DA:28,2
DA:29,2
DA:30,2
DA:31,2
DA:33,2
DA:34,1
DA:35,1
DA:37,1
DA:38,1
DA:39,0
DA:40,0
DA:41,0
DA:42,0
DA:44,1
DA:45,1
DA:46,1
DA:48,1
DA:50,1
DA:51,1
BRDA:25,954,1,2
BRDA:33,1069,0,1
BRDA:33,1069,1,1
BRDA:37,1140,0,1
BRDA:37,1181,1,1
BRDA:48,1298,1,1
BRDA:50,1397,1,1
LF:29
LH:25
BRF:7
BRH:7
FNF:4
FNH:4
end_of_record
SF:C:\Studia\SmartScheduleBackend\SmartSchedule.Application\Friends\Commands\SendFriendRequest\SendFriendRequestCommand.cs
FN:12,System.Int32 SmartSchedule.Application.Friends.Commands.SendFriendRequest.SendFriendRequestCommand::get_FriendId()
FNDA:23,System.Int32 SmartSchedule.Application.Friends.Commands.SendFriendRequest.SendFriendRequestCommand::get_FriendId()
DA:13,23
FN:13,System.Int32 SmartSchedule.Application.Friends.Commands.SendFriendRequest.SendFriendRequestCommand::get_UserId()
FNDA:18,System.Int32 SmartSchedule.Application.Friends.Commands.SendFriendRequest.SendFriendRequestCommand::get_UserId()
DA:14,18
FN:19,System.Void SmartSchedule.Application.Friends.Commands.SendFriendRequest.SendFriendRequestCommand/Handler::.ctor(SmartSchedule.Persistence.SmartScheduleDbContext)
FNDA:4,System.Void SmartSchedule.Application.Friends.Commands.SendFriendRequest.SendFriendRequestCommand/Handler::.ctor(SmartSchedule.Persistence.SmartScheduleDbContext)
DA:20,4
DA:21,4
DA:22,4
DA:23,4
FN:24,System.Void SmartSchedule.Application.Friends.Commands.SendFriendRequest.SendFriendRequestCommand/Handler/<Handle>d__2::MoveNext()
FNDA:4,System.Void SmartSchedule.Application.Friends.Commands.SendFriendRequest.SendFriendRequestCommand/Handler/<Handle>d__2::MoveNext()
DA:25,4
DA:27,4
DA:28,4
DA:29,1
DA:30,1
DA:33,3
DA:34,3
DA:35,3
DA:36,3
DA:37,3
DA:38,3
DA:39,3
DA:40,3
DA:41,0
DA:42,0
DA:45,3
DA:46,3
DA:47,2
DA:48,2
DA:50,1
DA:51,1
DA:52,1
DA:53,1
DA:54,1
DA:55,1
DA:57,1
DA:58,1
DA:60,1
DA:61,1
BRDA:27,153,1,4
BRDA:28,267,0,1
BRDA:28,267,1,3
BRDA:33,1197,1,3
BRDA:40,1318,1,3
BRDA:45,1384,1,3
BRDA:46,1505,0,2
BRDA:46,1505,1,1
BRDA:58,1658,1,1
BRDA:60,1756,1,1
LF:35
LH:33
BRF:10
BRH:10
FNF:4
FNH:4
end_of_record
SF:C:\Studia\SmartScheduleBackend\SmartSchedule.Application\Friends\Commands\SendFriendRequest\SendFriendRequestCommandValidator.cs
FN:8,System.Void SmartSchedule.Application.Friends.Commands.SendFriendRequest.SendFriendRequestCommandValidator::.ctor(SmartSchedule.Persistence.SmartScheduleDbContext)
FNDA:3,System.Void SmartSchedule.Application.Friends.Commands.SendFriendRequest.SendFriendRequestCommandValidator::.ctor(SmartSchedule.Persistence.SmartScheduleDbContext)
DA:9,3
DA:10,3
DA:11,3
DA:12,6
DA:13,6
DA:14,6
DA:15,3
DA:16,6
DA:17,5
DA:18,5
DA:19,3
DA:20,3
DA:21,4
DA:22,6
DA:23,3
DA:24,6
DA:25,6
DA:26,6
DA:27,3
DA:28,6
DA:29,5
DA:30,5
DA:31,3
DA:32,3
DA:33,4
DA:34,6
DA:36,3
LF:27
LH:27
BRF:8
BRH:8
FNF:1
FNH:1
end_of_record
SF:C:\Studia\SmartScheduleBackend\SmartSchedule.Application\Friends\Commands\RemoveFriend\RemoveFriendCommand.cs
FN:14,System.Int32 SmartSchedule.Application.Friends.Commands.RemoveFriendRequest.RemoveFriendCommand::get_FriendId()
FNDA:9,System.Int32 SmartSchedule.Application.Friends.Commands.RemoveFriendRequest.RemoveFriendCommand::get_FriendId()
DA:15,9
FN:15,System.Int32 SmartSchedule.Application.Friends.Commands.RemoveFriendRequest.RemoveFriendCommand::get_UserId()
FNDA:8,System.Int32 SmartSchedule.Application.Friends.Commands.RemoveFriendRequest.RemoveFriendCommand::get_UserId()
DA:16,8
FN:21,System.Void SmartSchedule.Application.Friends.Commands.RemoveFriendRequest.RemoveFriendCommand/Handler::.ctor(SmartSchedule.Persistence.SmartScheduleDbContext)
FNDA:3,System.Void SmartSchedule.Application.Friends.Commands.RemoveFriendRequest.RemoveFriendCommand/Handler::.ctor(SmartSchedule.Persistence.SmartScheduleDbContext)
DA:22,3
DA:23,3
DA:24,3
DA:25,3
FN:27,System.Void SmartSchedule.Application.Friends.Commands.RemoveFriendRequest.RemoveFriendCommand/Handler/<Handle>d__2::MoveNext()
FNDA:3,System.Void SmartSchedule.Application.Friends.Commands.RemoveFriendRequest.RemoveFriendCommand/Handler/<Handle>d__2::MoveNext()
DA:28,3
DA:29,3
DA:30,3
DA:31,0
DA:32,0
DA:35,3
DA:36,3
DA:37,3
DA:38,3
DA:39,3
DA:40,3
DA:41,1
DA:42,1
DA:45,2
DA:46,2
DA:47,2
DA:49,2
DA:51,2
DA:52,2
BRDA:29,117,1,3
BRDA:30,236,1,3
BRDA:35,874,1,3
BRDA:40,990,0,1
BRDA:40,990,1,2
BRDA:49,1095,1,2
BRDA:51,1193,1,2
LF:25
LH:23
BRF:7
BRH:7
FNF:4
FNH:4
end_of_record
SF:C:\Studia\SmartScheduleBackend\SmartSchedule.Application\Friends\Commands\RemoveFriend\RemoveFriendCommandValidator.cs
FN:9,System.Void SmartSchedule.Application.Friends.Commands.RemoveFriendRequest.RemoveFriendCommandValidator::.ctor()
FNDA:3,System.Void SmartSchedule.Application.Friends.Commands.RemoveFriendRequest.RemoveFriendCommandValidator::.ctor()
DA:10,3
DA:11,3
DA:13,3
LF:3
LH:3
BRF:0
BRH:0
FNF:1
FNH:1
end_of_record
SF:C:\Studia\SmartScheduleBackend\SmartSchedule.Application\Friends\Commands\RejectFriendRequest\RejectFriendRequestCommand.cs
FN:10,System.Int32 SmartSchedule.Application.Friends.Commands.RejectFriendRequest.RejectFriendRequestCommand::get_RequestingUserId()
FNDA:10,System.Int32 SmartSchedule.Application.Friends.Commands.RejectFriendRequest.RejectFriendRequestCommand::get_RequestingUserId()
DA:11,10
FN:11,System.Int32 SmartSchedule.Application.Friends.Commands.RejectFriendRequest.RejectFriendRequestCommand::get_RequestedUserId()
FNDA:6,System.Int32 SmartSchedule.Application.Friends.Commands.RejectFriendRequest.RejectFriendRequestCommand::get_RequestedUserId()
DA:12,6
FN:16,System.Void SmartSchedule.Application.Friends.Commands.RejectFriendRequest.RejectFriendRequestCommand/Handler::.ctor(SmartSchedule.Persistence.SmartScheduleDbContext)
FNDA:2,System.Void SmartSchedule.Application.Friends.Commands.RejectFriendRequest.RejectFriendRequestCommand/Handler::.ctor(SmartSchedule.Persistence.SmartScheduleDbContext)
DA:17,2
DA:18,2
DA:19,2
DA:20,2
FN:21,System.Void SmartSchedule.Application.Friends.Commands.RejectFriendRequest.RejectFriendRequestCommand/Handler/<Handle>d__2::MoveNext()
FNDA:2,System.Void SmartSchedule.Application.Friends.Commands.RejectFriendRequest.RejectFriendRequestCommand/Handler/<Handle>d__2::MoveNext()
DA:22,2
DA:23,2
DA:24,2
DA:25,1
DA:26,1
DA:29,1
DA:30,1
DA:31,1
DA:32,1
DA:33,1
DA:34,1
DA:35,1
DA:36,1
DA:38,1
DA:39,1
BRDA:23,131,1,2
BRDA:24,250,0,1
BRDA:24,250,1,1
BRDA:29,980,1,1
BRDA:36,1146,1,1
BRDA:38,1244,1,1
LF:21
LH:21
BRF:6
BRH:6
FNF:4
FNH:4
end_of_record
SF:C:\Studia\SmartScheduleBackend\SmartSchedule.Application\Friends\Commands\RejectFriendRequest\RejectFriendRequestCommandValidator.cs
FN:8,System.Void SmartSchedule.Application.Friends.Commands.RejectFriendRequest.RejectFriendRequestCommandValidator::.ctor(SmartSchedule.Persistence.SmartScheduleDbContext)
FNDA:2,System.Void SmartSchedule.Application.Friends.Commands.RejectFriendRequest.RejectFriendRequestCommandValidator::.ctor(SmartSchedule.Persistence.SmartScheduleDbContext)
DA:9,2
DA:10,2
DA:11,2
DA:12,4
DA:13,4
DA:14,4
DA:15,4
DA:16,4
DA:17,4
DA:18,4
DA:19,2
DA:20,4
DA:21,3
DA:22,3
DA:23,2
DA:24,2
DA:25,3
DA:26,4
DA:27,2
LF:19
LH:19
BRF:4
BRH:4
FNF:1
FNH:1
end_of_record
SF:C:\Studia\SmartScheduleBackend\SmartSchedule.Application\Friends\Commands\BlockUser\BlockUserCommand.cs
FN:11,System.Int32 SmartSchedule.Application.Friends.Commands.BlockUser.BlockUserCommand::get_UserToBlock()
FNDA:7,System.Int32 SmartSchedule.Application.Friends.Commands.BlockUser.BlockUserCommand::get_UserToBlock()
DA:12,7
FN:12,System.Int32 SmartSchedule.Application.Friends.Commands.BlockUser.BlockUserCommand::get_UserId()
FNDA:4,System.Int32 SmartSchedule.Application.Friends.Commands.BlockUser.BlockUserCommand::get_UserId()
DA:13,4
FN:17,System.Void SmartSchedule.Application.Friends.Commands.BlockUser.BlockUserCommand/Handler::.ctor(SmartSchedule.Persistence.SmartScheduleDbContext)
FNDA:2,System.Void SmartSchedule.Application.Friends.Commands.BlockUser.BlockUserCommand/Handler::.ctor(SmartSchedule.Persistence.SmartScheduleDbContext)
DA:18,2
DA:19,2
DA:20,2
DA:21,2
FN:22,System.Void SmartSchedule.Application.Friends.Commands.BlockUser.BlockUserCommand/Handler/<Handle>d__2::MoveNext()
FNDA:2,System.Void SmartSchedule.Application.Friends.Commands.BlockUser.BlockUserCommand/Handler/<Handle>d__2::MoveNext()
DA:23,2
DA:24,2
DA:25,2
DA:26,0
DA:27,0
DA:30,2
DA:31,2
DA:32,1
DA:33,1
DA:36,1
DA:37,1
DA:38,1
DA:39,1
DA:41,1
DA:42,1
DA:43,0
DA:44,0
DA:45,0
DA:46,0
DA:47,1
DA:48,1
DA:49,1
DA:50,1
DA:51,1
DA:52,1
DA:54,0
DA:55,0
DA:56,0
DA:57,0
DA:58,0
DA:59,0
DA:60,0
DA:61,0
DA:63,1
DA:65,1
DA:66,1
BRDA:24,129,1,2
BRDA:25,248,1,2
BRDA:30,333,1,2
BRDA:31,449,0,1
BRDA:31,449,1,1
BRDA:36,1010,1,1
BRDA:41,1119,0,1
BRDA:41,1153,0,1
BRDA:41,1197,1,1
BRDA:47,1253,0,1
BRDA:47,1287,0,1
BRDA:47,1334,0,1
BRDA:63,1481,1,1
BRDA:65,1579,1,1
LF:42
LH:28
BRF:14
BRH:14
FNF:4
FNH:4
end_of_record
SF:C:\Studia\SmartScheduleBackend\SmartSchedule.Application\Friends\Commands\BlockUser\BlockUserCommandValidator.cs
FN:6,System.Void SmartSchedule.Application.Friends.Commands.BlockUser.BlockUserCommandValidator::.ctor()
FNDA:2,System.Void SmartSchedule.Application.Friends.Commands.BlockUser.BlockUserCommandValidator::.ctor()
DA:7,2
DA:8,2
DA:10,2
LF:3
LH:3
BRF:0
BRH:0
FNF:1
FNH:1
end_of_record
SF:C:\Studia\SmartScheduleBackend\SmartSchedule.Application\Friends\Commands\AcceptFriendRequest\AcceptFriendRequestCommand.cs
FN:10,System.Int32 SmartSchedule.Application.Friends.Commands.AcceptFriendRequest.AcceptFriendRequestCommand::get_RequestingUserId()
FNDA:9,System.Int32 SmartSchedule.Application.Friends.Commands.AcceptFriendRequest.AcceptFriendRequestCommand::get_RequestingUserId()
DA:11,9
FN:11,System.Int32 SmartSchedule.Application.Friends.Commands.AcceptFriendRequest.AcceptFriendRequestCommand::get_RequestedUserId()
FNDA:9,System.Int32 SmartSchedule.Application.Friends.Commands.AcceptFriendRequest.AcceptFriendRequestCommand::get_RequestedUserId()
DA:12,9
FN:16,System.Void SmartSchedule.Application.Friends.Commands.AcceptFriendRequest.AcceptFriendRequestCommand/Handler::.ctor(SmartSchedule.Persistence.SmartScheduleDbContext)
FNDA:2,System.Void SmartSchedule.Application.Friends.Commands.AcceptFriendRequest.AcceptFriendRequestCommand/Handler::.ctor(SmartSchedule.Persistence.SmartScheduleDbContext)
DA:17,2
DA:18,2
DA:19,2
DA:20,2
FN:21,System.Void SmartSchedule.Application.Friends.Commands.AcceptFriendRequest.AcceptFriendRequestCommand/Handler/<Handle>d__2::MoveNext()
FNDA:2,System.Void SmartSchedule.Application.Friends.Commands.AcceptFriendRequest.AcceptFriendRequestCommand/Handler/<Handle>d__2::MoveNext()
DA:22,2
DA:23,2
DA:24,2
DA:25,2
DA:26,2
DA:27,2
DA:28,2
DA:30,2
DA:31,2
DA:32,1
DA:33,1
DA:36,1
DA:37,1
DA:39,1
DA:41,1
DA:42,1
BRDA:23,768,1,2
BRDA:31,921,0,1
BRDA:31,921,1,1
BRDA:39,1017,1,1
BRDA:41,1116,1,1
LF:22
LH:22
BRF:5
BRH:5
FNF:4
FNH:4
end_of_record
SF:C:\Studia\SmartScheduleBackend\SmartSchedule.Application\Friends\Commands\AcceptFriendRequest\AcceptFriendRequestCommandValidator.cs
FN:8,System.Void SmartSchedule.Application.Friends.Commands.AcceptFriendRequest.AcceptFriendRequestCommandValidator::.ctor(SmartSchedule.Domain.Entities.Friends)
FNDA:2,System.Void SmartSchedule.Application.Friends.Commands.AcceptFriendRequest.AcceptFriendRequestCommandValidator::.ctor(SmartSchedule.Domain.Entities.Friends)
DA:9,2
DA:10,2
DA:12,2
DA:13,4
DA:14,4
DA:15,3
DA:16,3
DA:17,2
DA:18,2
DA:19,3
DA:20,4
DA:21,2
DA:22,4
DA:23,4
DA:24,2
DA:25,2
DA:26,2
DA:27,2
DA:28,4
DA:29,4
DA:30,2
LF:21
LH:21
BRF:8
BRH:7
FNF:1
FNH:1
end_of_record
SF:C:\Studia\SmartScheduleBackend\SmartSchedule.Application\Exceptions\DeleteFailureException.cs
FN:8,System.Void SmartSchedule.Application.Exceptions.DeleteFailureException::.ctor(System.String,System.Object,System.String)
FNDA:0,System.Void SmartSchedule.Application.Exceptions.DeleteFailureException::.ctor(System.String,System.Object,System.String)
DA:9,0
DA:10,0
DA:11,0
LF:3
LH:0
BRF:0
BRH:0
FNF:1
FNH:0
end_of_record
SF:C:\Studia\SmartScheduleBackend\SmartSchedule.Application\Exceptions\NotFoundException.cs
FN:7,System.Void SmartSchedule.Application.Exceptions.NotFoundException::.ctor(System.String,System.Object)
FNDA:13,System.Void SmartSchedule.Application.Exceptions.NotFoundException::.ctor(System.String,System.Object)
DA:8,13
DA:9,13
DA:10,13
LF:3
LH:3
BRF:0
BRH:0
FNF:1
FNH:1
end_of_record
SF:C:\Studia\SmartScheduleBackend\SmartSchedule.Application\Exceptions\ValidationException.cs
FN:33,System.Collections.Generic.IDictionary`2<System.String,System.String[]> SmartSchedule.Application.Exceptions.ValidationException::get_Failures()
FNDA:0,System.Collections.Generic.IDictionary`2<System.String,System.String[]> SmartSchedule.Application.Exceptions.ValidationException::get_Failures()
DA:34,0
FN:10,System.Void SmartSchedule.Application.Exceptions.ValidationException::.ctor()
FNDA:0,System.Void SmartSchedule.Application.Exceptions.ValidationException::.ctor()
DA:11,0
DA:12,0
DA:13,0
DA:14,0
FN:16,System.Void SmartSchedule.Application.Exceptions.ValidationException::.ctor(System.Collections.Generic.List`1<FluentValidation.Results.ValidationFailure>)
FNDA:0,System.Void SmartSchedule.Application.Exceptions.ValidationException::.ctor(System.Collections.Generic.List`1<FluentValidation.Results.ValidationFailure>)
DA:17,0
DA:18,0
DA:19,0
DA:20,0
DA:21,0
DA:23,0
DA:24,0
DA:25,0
DA:26,0
DA:27,0
DA:28,0
DA:30,0
DA:31,0
DA:32,0
BRDA:19,15,0,0
BRDA:19,15,1,0
BRDA:23,166,1,0
BRDA:25,104,0,0
BRDA:25,104,1,0
BRDA:23,166,0,0
LF:19
LH:0
BRF:6
BRH:0
FNF:3
FNH:0
end_of_record
SF:C:\Studia\SmartScheduleBackend\SmartSchedule.Application\Event\Queries\GetEventList\EventListViewModel.cs
FN:6,System.Collections.Generic.IList`1<SmartSchedule.Application.Event.Queries.GetEventList.EventLookupModel> SmartSchedule.Application.Event.Queries.GetEventList.EventListViewModel::get_Events()
FNDA:1,System.Collections.Generic.IList`1<SmartSchedule.Application.Event.Queries.GetEventList.EventLookupModel> SmartSchedule.Application.Event.Queries.GetEventList.EventListViewModel::get_Events()
DA:7,1
LF:1
LH:1
BRF:0
BRH:0
FNF:1
FNH:1
end_of_record
SF:C:\Studia\SmartScheduleBackend\SmartSchedule.Application\Event\Queries\GetEventList\EventLookupModel.cs
FN:8,System.Int32 SmartSchedule.Application.Event.Queries.GetEventList.EventLookupModel::get_Id()
FNDA:2,System.Int32 SmartSchedule.Application.Event.Queries.GetEventList.EventLookupModel::get_Id()
DA:9,2
FN:9,System.DateTime SmartSchedule.Application.Event.Queries.GetEventList.EventLookupModel::get_StartDate()
FNDA:2,System.DateTime SmartSchedule.Application.Event.Queries.GetEventList.EventLookupModel::get_StartDate()
DA:10,2
FN:10,System.DateTime SmartSchedule.Application.Event.Queries.GetEventList.EventLookupModel::get_EndTime()
FNDA:2,System.DateTime SmartSchedule.Application.Event.Queries.GetEventList.EventLookupModel::get_EndTime()
DA:11,2
FN:11,System.String SmartSchedule.Application.Event.Queries.GetEventList.EventLookupModel::get_Name()
FNDA:2,System.String SmartSchedule.Application.Event.Queries.GetEventList.EventLookupModel::get_Name()
DA:12,2
FN:12,System.Int32 SmartSchedule.Application.Event.Queries.GetEventList.EventLookupModel::get_CalendarId()
FNDA:2,System.Int32 SmartSchedule.Application.Event.Queries.GetEventList.EventLookupModel::get_CalendarId()
DA:13,2
FN:13,System.String SmartSchedule.Application.Event.Queries.GetEventList.EventLookupModel::get_Longitude()
FNDA:2,System.String SmartSchedule.Application.Event.Queries.GetEventList.EventLookupModel::get_Longitude()
DA:14,2
FN:14,System.String SmartSchedule.Application.Event.Queries.GetEventList.EventLookupModel::get_Latitude()
FNDA:2,System.String SmartSchedule.Application.Event.Queries.GetEventList.EventLookupModel::get_Latitude()
DA:15,2
FN:17,System.Void SmartSchedule.Application.Event.Queries.GetEventList.EventLookupModel::CreateMappings(AutoMapper.Profile)
FNDA:2,System.Void SmartSchedule.Application.Event.Queries.GetEventList.EventLookupModel::CreateMappings(AutoMapper.Profile)
DA:18,2
DA:19,2
DA:20,4
DA:21,4
DA:22,4
DA:23,4
DA:24,4
DA:25,4
DA:26,4
DA:27,2
BRDA:19,70,0,1
BRDA:19,70,1,2
BRDA:19,163,0,2
BRDA:19,163,1,2
BRDA:19,256,0,2
BRDA:19,256,1,2
BRDA:19,349,0,1
BRDA:19,349,1,2
BRDA:19,442,0,1
BRDA:19,442,1,2
BRDA:19,535,0,1
BRDA:19,535,1,2
BRDA:19,628,0,1
BRDA:19,628,1,2
LF:17
LH:17
BRF:14
BRH:14
FNF:8
FNH:8
end_of_record
SF:C:\Studia\SmartScheduleBackend\SmartSchedule.Application\Event\Queries\GetEventList\GetEventListQueryHandler.cs
FN:15,System.Void SmartSchedule.Application.Event.Queries.GetEventList.GetEventListQueryHandler::.ctor(SmartSchedule.Persistence.SmartScheduleDbContext,AutoMapper.IMapper)
FNDA:1,System.Void SmartSchedule.Application.Event.Queries.GetEventList.GetEventListQueryHandler::.ctor(SmartSchedule.Persistence.SmartScheduleDbContext,AutoMapper.IMapper)
DA:16,1
DA:17,1
DA:18,1
DA:19,1
DA:20,1
FN:22,System.Void SmartSchedule.Application.Event.Queries.GetEventList.GetEventListQueryHandler/<Handle>d__3::MoveNext()
FNDA:1,System.Void SmartSchedule.Application.Event.Queries.GetEventList.GetEventListQueryHandler/<Handle>d__3::MoveNext()
DA:23,1
DA:24,1
DA:25,1
DA:26,1
DA:27,1
DA:28,1
BRDA:24,107,1,1
LF:11
LH:11
BRF:1
BRH:1
FNF:2
FNH:2
end_of_record
SF:C:\Studia\SmartScheduleBackend\SmartSchedule.Application\Event\Queries\GetEventDetails\EventDetailModel.cs
FN:8,System.Int32 SmartSchedule.Application.Event.Queries.GetEventDetails.EventDetailModel::get_Id()
FNDA:2,System.Int32 SmartSchedule.Application.Event.Queries.GetEventDetails.EventDetailModel::get_Id()
DA:9,2
FN:9,System.DateTime SmartSchedule.Application.Event.Queries.GetEventDetails.EventDetailModel::get_StartDate()
FNDA:1,System.DateTime SmartSchedule.Application.Event.Queries.GetEventDetails.EventDetailModel::get_StartDate()
DA:10,1
FN:10,System.DateTime SmartSchedule.Application.Event.Queries.GetEventDetails.EventDetailModel::get_EndTime()
FNDA:1,System.DateTime SmartSchedule.Application.Event.Queries.GetEventDetails.EventDetailModel::get_EndTime()
DA:11,1
FN:11,System.DateTime SmartSchedule.Application.Event.Queries.GetEventDetails.EventDetailModel::get_ReminderAt()
FNDA:1,System.DateTime SmartSchedule.Application.Event.Queries.GetEventDetails.EventDetailModel::get_ReminderAt()
DA:12,1
FN:12,System.String SmartSchedule.Application.Event.Queries.GetEventDetails.EventDetailModel::get_Name()
FNDA:1,System.String SmartSchedule.Application.Event.Queries.GetEventDetails.EventDetailModel::get_Name()
DA:13,1
FN:13,System.Int32 SmartSchedule.Application.Event.Queries.GetEventDetails.EventDetailModel::get_RepeatsEvery()
FNDA:1,System.Int32 SmartSchedule.Application.Event.Queries.GetEventDetails.EventDetailModel::get_RepeatsEvery()
DA:14,1
FN:14,System.Int32 SmartSchedule.Application.Event.Queries.GetEventDetails.EventDetailModel::get_CalendarId()
FNDA:1,System.Int32 SmartSchedule.Application.Event.Queries.GetEventDetails.EventDetailModel::get_CalendarId()
DA:15,1
FN:15,System.String SmartSchedule.Application.Event.Queries.GetEventDetails.EventDetailModel::get_Longitude()
FNDA:1,System.String SmartSchedule.Application.Event.Queries.GetEventDetails.EventDetailModel::get_Longitude()
DA:16,1
FN:16,System.String SmartSchedule.Application.Event.Queries.GetEventDetails.EventDetailModel::get_Latitude()
FNDA:1,System.String SmartSchedule.Application.Event.Queries.GetEventDetails.EventDetailModel::get_Latitude()
DA:17,1
FN:21,System.Linq.Expressions.Expression`1<System.Func`2<SmartSchedule.Domain.Entities.Event,SmartSchedule.Application.Event.Queries.GetEventDetails.EventDetailModel>> SmartSchedule.Application.Event.Queries.GetEventDetails.EventDetailModel::get_Projection()
FNDA:1,System.Linq.Expressions.Expression`1<System.Func`2<SmartSchedule.Domain.Entities.Event,SmartSchedule.Application.Event.Queries.GetEventDetails.EventDetailModel>> SmartSchedule.Application.Event.Queries.GetEventDetails.EventDetailModel::get_Projection()
DA:22,1
DA:23,1
DA:24,1
DA:25,1
DA:26,1
DA:27,1
DA:28,1
DA:29,1
DA:30,1
DA:31,1
DA:32,1
DA:33,1
DA:34,1
DA:35,1
FN:38,SmartSchedule.Application.Event.Queries.GetEventDetails.EventDetailModel SmartSchedule.Application.Event.Queries.GetEventDetails.EventDetailModel::Create(SmartSchedule.Domain.Entities.Event)
FNDA:1,SmartSchedule.Application.Event.Queries.GetEventDetails.EventDetailModel SmartSchedule.Application.Event.Queries.GetEventDetails.EventDetailModel::Create(SmartSchedule.Domain.Entities.Event)
DA:39,1
DA:40,1
DA:41,1
LF:26
LH:26
BRF:0
BRH:0
FNF:11
FNH:11
end_of_record
SF:C:\Studia\SmartScheduleBackend\SmartSchedule.Application\Event\Queries\GetEventDetails\GetEventDetailQuery.cs
FN:6,System.Int32 SmartSchedule.Application.Event.Queries.GetEventDetails.GetEventDetailQuery::get_Id()
FNDA:2,System.Int32 SmartSchedule.Application.Event.Queries.GetEventDetails.GetEventDetailQuery::get_Id()
DA:7,2
LF:1
LH:1
BRF:0
BRH:0
FNF:1
FNH:1
end_of_record
SF:C:\Studia\SmartScheduleBackend\SmartSchedule.Application\Event\Queries\GetEventDetails\GetEventDetailQueryHandler.cs
FN:12,System.Void SmartSchedule.Application.Event.Queries.GetEventDetails.GetEventDetailQueryHandler::.ctor(SmartSchedule.Persistence.SmartScheduleDbContext)
FNDA:1,System.Void SmartSchedule.Application.Event.Queries.GetEventDetails.GetEventDetailQueryHandler::.ctor(SmartSchedule.Persistence.SmartScheduleDbContext)
DA:13,1
DA:14,1
DA:15,1
DA:16,1
FN:17,System.Void SmartSchedule.Application.Event.Queries.GetEventDetails.GetEventDetailQueryHandler/<Handle>d__2::MoveNext()
FNDA:1,System.Void SmartSchedule.Application.Event.Queries.GetEventDetails.GetEventDetailQueryHandler/<Handle>d__2::MoveNext()
DA:18,1
DA:19,1
DA:21,1
DA:22,0
DA:23,0
DA:26,1
DA:27,1
BRDA:19,74,1,1
BRDA:21,188,1,1
LF:11
LH:9
BRF:2
BRH:2
FNF:2
FNH:2
end_of_record
SF:C:\Studia\SmartScheduleBackend\SmartSchedule.Application\Event\Commands\UpdateEvent\UpdateEventCommand.cs
FN:12,System.Int32 SmartSchedule.Application.Event.Commands.UpdateEvent.UpdateEventCommand::get_Id()
FNDA:5,System.Int32 SmartSchedule.Application.Event.Commands.UpdateEvent.UpdateEventCommand::get_Id()
DA:13,5
FN:13,System.DateTime SmartSchedule.Application.Event.Commands.UpdateEvent.UpdateEventCommand::get_StartDate()
FNDA:5,System.DateTime SmartSchedule.Application.Event.Commands.UpdateEvent.UpdateEventCommand::get_StartDate()
DA:14,5
FN:14,System.DateTime SmartSchedule.Application.Event.Commands.UpdateEvent.UpdateEventCommand::get_EndTime()
FNDA:5,System.DateTime SmartSchedule.Application.Event.Commands.UpdateEvent.UpdateEventCommand::get_EndTime()
DA:15,5
FN:15,System.DateTime SmartSchedule.Application.Event.Commands.UpdateEvent.UpdateEventCommand::get_ReminderAt()
FNDA:5,System.DateTime SmartSchedule.Application.Event.Commands.UpdateEvent.UpdateEventCommand::get_ReminderAt()
DA:16,5
FN:16,System.String SmartSchedule.Application.Event.Commands.UpdateEvent.UpdateEventCommand::get_Name()
FNDA:5,System.String SmartSchedule.Application.Event.Commands.UpdateEvent.UpdateEventCommand::get_Name()
DA:17,5
FN:17,System.Int32 SmartSchedule.Application.Event.Commands.UpdateEvent.UpdateEventCommand::get_RepeatsEvery()
FNDA:5,System.Int32 SmartSchedule.Application.Event.Commands.UpdateEvent.UpdateEventCommand::get_RepeatsEvery()
DA:18,5
FN:18,System.String SmartSchedule.Application.Event.Commands.UpdateEvent.UpdateEventCommand::get_Longitude()
FNDA:4,System.String SmartSchedule.Application.Event.Commands.UpdateEvent.UpdateEventCommand::get_Longitude()
DA:19,4
FN:19,System.String SmartSchedule.Application.Event.Commands.UpdateEvent.UpdateEventCommand::get_Latitude()
FNDA:5,System.String SmartSchedule.Application.Event.Commands.UpdateEvent.UpdateEventCommand::get_Latitude()
DA:20,5
FN:25,System.Void SmartSchedule.Application.Event.Commands.UpdateEvent.UpdateEventCommand/Handler::.ctor(SmartSchedule.Persistence.SmartScheduleDbContext)
FNDA:2,System.Void SmartSchedule.Application.Event.Commands.UpdateEvent.UpdateEventCommand/Handler::.ctor(SmartSchedule.Persistence.SmartScheduleDbContext)
DA:26,2
DA:27,2
DA:28,2
DA:29,2
FN:30,System.Void SmartSchedule.Application.Event.Commands.UpdateEvent.UpdateEventCommand/Handler/<Handle>d__2::MoveNext()
FNDA:2,System.Void SmartSchedule.Application.Event.Commands.UpdateEvent.UpdateEventCommand/Handler/<Handle>d__2::MoveNext()
DA:31,2
DA:32,2
DA:34,2
DA:35,1
DA:36,1
DA:39,1
DA:41,1
DA:42,0
DA:43,0
DA:46,1
DA:47,1
DA:48,1
DA:49,1
DA:50,1
DA:51,1
DA:53,1
DA:55,1
DA:56,1
DA:57,1
DA:58,1
DA:59,1
DA:60,1
DA:62,1
DA:64,1
DA:66,1
DA:67,1
BRDA:32,117,1,2
BRDA:34,231,0,1
BRDA:34,231,1,1
BRDA:39,308,1,1
BRDA:41,429,1,1
BRDA:53,565,1,1
BRDA:64,851,1,1
BRDA:66,949,1,1
LF:38
LH:36
BRF:8
BRH:8
FNF:10
FNH:10
end_of_record
SF:C:\Studia\SmartScheduleBackend\SmartSchedule.Application\Event\Commands\UpdateEvent\UpdateEventCommandValidator.cs
FN:7,System.Void SmartSchedule.Application.Event.Commands.UpdateEvent.UpdateEventCommandValidator::.ctor(SmartSchedule.Persistence.SmartScheduleDbContext)
FNDA:1,System.Void SmartSchedule.Application.Event.Commands.UpdateEvent.UpdateEventCommandValidator::.ctor(SmartSchedule.Persistence.SmartScheduleDbContext)
DA:8,1
DA:9,1
DA:10,1
DA:11,1
DA:12,1
DA:13,1
DA:14,1
DA:15,1
DA:16,1
DA:17,1
LF:10
LH:10
BRF:0
BRH:0
FNF:1
FNH:1
end_of_record
SF:C:\Studia\SmartScheduleBackend\SmartSchedule.Application\Event\Commands\DeleteEvent\DeleteEventCommand.cs
FN:11,System.Int32 SmartSchedule.Application.Event.Commands.DeleteEvent.DeleteEventCommand::get_Id()
FNDA:5,System.Int32 SmartSchedule.Application.Event.Commands.DeleteEvent.DeleteEventCommand::get_Id()
DA:12,5
FN:17,System.Void SmartSchedule.Application.Event.Commands.DeleteEvent.DeleteEventCommand/Handler::.ctor(SmartSchedule.Persistence.SmartScheduleDbContext)
FNDA:2,System.Void SmartSchedule.Application.Event.Commands.DeleteEvent.DeleteEventCommand/Handler::.ctor(SmartSchedule.Persistence.SmartScheduleDbContext)
DA:18,2
DA:19,2
DA:20,2
DA:21,2
FN:22,System.Void SmartSchedule.Application.Event.Commands.DeleteEvent.DeleteEventCommand/Handler/<Handle>d__2::MoveNext()
FNDA:2,System.Void SmartSchedule.Application.Event.Commands.DeleteEvent.DeleteEventCommand/Handler/<Handle>d__2::MoveNext()
DA:23,2
DA:24,2
DA:26,2
DA:27,1
DA:28,1
DA:31,1
DA:32,1
DA:34,1
DA:35,1
BRDA:24,262,1,2
BRDA:26,377,0,1
BRDA:26,377,1,1
BRDA:32,476,1,1
BRDA:34,575,1,1
LF:14
LH:14
BRF:5
BRH:5
FNF:3
FNH:3
end_of_record
SF:C:\Studia\SmartScheduleBackend\SmartSchedule.Application\Event\Commands\CreateEvent\CreateEventCommand.cs
FN:11,System.DateTime SmartSchedule.Application.Event.Commands.CreateEvent.CreateEventCommand::get_StartDate()
FNDA:9,System.DateTime SmartSchedule.Application.Event.Commands.CreateEvent.CreateEventCommand::get_StartDate()
DA:12,9
FN:12,System.DateTime SmartSchedule.Application.Event.Commands.CreateEvent.CreateEventCommand::get_EndTime()
FNDA:9,System.DateTime SmartSchedule.Application.Event.Commands.CreateEvent.CreateEventCommand::get_EndTime()
DA:13,9
FN:13,System.DateTime SmartSchedule.Application.Event.Commands.CreateEvent.CreateEventCommand::get_ReminderAt()
FNDA:9,System.DateTime SmartSchedule.Application.Event.Commands.CreateEvent.CreateEventCommand::get_ReminderAt()
DA:14,9
FN:14,System.String SmartSchedule.Application.Event.Commands.CreateEvent.CreateEventCommand::get_Name()
FNDA:9,System.String SmartSchedule.Application.Event.Commands.CreateEvent.CreateEventCommand::get_Name()
DA:15,9
FN:15,System.Int32 SmartSchedule.Application.Event.Commands.CreateEvent.CreateEventCommand::get_RepeatsEvery()
FNDA:9,System.Int32 SmartSchedule.Application.Event.Commands.CreateEvent.CreateEventCommand::get_RepeatsEvery()
DA:16,9
FN:16,System.Int32 SmartSchedule.Application.Event.Commands.CreateEvent.CreateEventCommand::get_CalendarId()
FNDA:13,System.Int32 SmartSchedule.Application.Event.Commands.CreateEvent.CreateEventCommand::get_CalendarId()
DA:17,13
FN:17,System.String SmartSchedule.Application.Event.Commands.CreateEvent.CreateEventCommand::get_Longitude()
FNDA:9,System.String SmartSchedule.Application.Event.Commands.CreateEvent.CreateEventCommand::get_Longitude()
DA:18,9
FN:18,System.String SmartSchedule.Application.Event.Commands.CreateEvent.CreateEventCommand::get_Latitude()
FNDA:9,System.String SmartSchedule.Application.Event.Commands.CreateEvent.CreateEventCommand::get_Latitude()
DA:19,9
FN:24,System.Void SmartSchedule.Application.Event.Commands.CreateEvent.CreateEventCommand/Handler::.ctor(SmartSchedule.Persistence.SmartScheduleDbContext)
FNDA:4,System.Void SmartSchedule.Application.Event.Commands.CreateEvent.CreateEventCommand/Handler::.ctor(SmartSchedule.Persistence.SmartScheduleDbContext)
DA:25,4
DA:26,4
DA:27,4
DA:28,4
FN:30,System.Void SmartSchedule.Application.Event.Commands.CreateEvent.CreateEventCommand/Handler/<Handle>d__2::MoveNext()
FNDA:4,System.Void SmartSchedule.Application.Event.Commands.CreateEvent.CreateEventCommand/Handler/<Handle>d__2::MoveNext()
DA:31,4
DA:33,4
DA:35,4
DA:36,3
DA:37,3
DA:40,1
DA:41,1
DA:42,1
DA:43,1
DA:44,1
DA:46,1
DA:48,1
DA:50,1
DA:51,1
DA:52,1
DA:53,1
DA:54,1
DA:55,1
DA:56,1
DA:57,1
DA:58,1
DA:59,1
DA:60,1
DA:62,1
DA:64,1
DA:65,1
BRDA:33,95,1,4
BRDA:35,214,0,3
BRDA:35,214,1,1
BRDA:48,350,1,1
BRDA:62,635,1,1
BRDA:64,733,1,1
LF:38
LH:38
BRF:6
BRH:6
FNF:10
FNH:10
end_of_record
SF:C:\Studia\SmartScheduleBackend\SmartSchedule.Application\Event\Commands\CreateEvent\CreateEventCommandValidator.cs
FN:8,System.Void SmartSchedule.Application.Event.Commands.CreateEvent.CreateEventCommandValidator::.ctor(SmartSchedule.Persistence.SmartScheduleDbContext)
FNDA:4,System.Void SmartSchedule.Application.Event.Commands.CreateEvent.CreateEventCommandValidator::.ctor(SmartSchedule.Persistence.SmartScheduleDbContext)
DA:9,4
DA:10,4
DA:11,4
DA:12,8
DA:13,8
DA:14,4
DA:15,8
DA:16,5
DA:17,5
DA:18,4
DA:19,4
DA:20,7
DA:21,8
DA:22,4
DA:23,4
DA:24,4
DA:25,4
DA:26,4
DA:27,4
DA:28,4
DA:29,4
LF:21
LH:21
BRF:4
BRH:4
FNF:1
FNH:1
end_of_record
SF:C:\Studia\SmartScheduleBackend\SmartSchedule.Application\Calendar\Queries\GetCalendarList\CalendarListViewModel.cs
FN:6,System.Collections.Generic.IList`1<SmartSchedule.Application.Calendar.Queries.GetCalendarList.CalendarLookupModel> SmartSchedule.Application.Calendar.Queries.GetCalendarList.CalendarListViewModel::get_Calendars()
FNDA:1,System.Collections.Generic.IList`1<SmartSchedule.Application.Calendar.Queries.GetCalendarList.CalendarLookupModel> SmartSchedule.Application.Calendar.Queries.GetCalendarList.CalendarListViewModel::get_Calendars()
DA:7,1
LF:1
LH:1
BRF:0
BRH:0
FNF:1
FNH:1
end_of_record
SF:C:\Studia\SmartScheduleBackend\SmartSchedule.Application\Calendar\Queries\GetCalendarList\CalendarLookupModel.cs
FN:8,System.Int32 SmartSchedule.Application.Calendar.Queries.GetCalendarList.CalendarLookupModel::get_Id()
FNDA:2,System.Int32 SmartSchedule.Application.Calendar.Queries.GetCalendarList.CalendarLookupModel::get_Id()
DA:9,2
FN:9,System.String SmartSchedule.Application.Calendar.Queries.GetCalendarList.CalendarLookupModel::get_Name()
FNDA:2,System.String SmartSchedule.Application.Calendar.Queries.GetCalendarList.CalendarLookupModel::get_Name()
DA:10,2
FN:10,System.String SmartSchedule.Application.Calendar.Queries.GetCalendarList.CalendarLookupModel::get_ColorHex()
FNDA:2,System.String SmartSchedule.Application.Calendar.Queries.GetCalendarList.CalendarLookupModel::get_ColorHex()
DA:11,2
FN:11,System.Int32 SmartSchedule.Application.Calendar.Queries.GetCalendarList.CalendarLookupModel::get_UserId()
FNDA:2,System.Int32 SmartSchedule.Application.Calendar.Queries.GetCalendarList.CalendarLookupModel::get_UserId()
DA:12,2
FN:14,System.Void SmartSchedule.Application.Calendar.Queries.GetCalendarList.CalendarLookupModel::CreateMappings(AutoMapper.Profile)
FNDA:2,System.Void SmartSchedule.Application.Calendar.Queries.GetCalendarList.CalendarLookupModel::CreateMappings(AutoMapper.Profile)
DA:15,2
DA:16,2
DA:17,4
DA:18,4
DA:19,4
DA:20,4
DA:21,2
BRDA:16,70,0,1
BRDA:16,70,1,2
BRDA:16,163,0,1
BRDA:16,163,1,2
BRDA:16,256,0,1
BRDA:16,256,1,2
BRDA:16,349,0,1
BRDA:16,349,1,2
LF:11
LH:11
BRF:8
BRH:8
FNF:5
FNH:5
end_of_record
SF:C:\Studia\SmartScheduleBackend\SmartSchedule.Application\Calendar\Queries\GetCalendarList\GetCalendarsListQueryHandler.cs
FN:15,System.Void SmartSchedule.Application.Calendar.Queries.GetCalendarList.GetCalendarsListQueryHandler::.ctor(SmartSchedule.Persistence.SmartScheduleDbContext,AutoMapper.IMapper)
FNDA:1,System.Void SmartSchedule.Application.Calendar.Queries.GetCalendarList.GetCalendarsListQueryHandler::.ctor(SmartSchedule.Persistence.SmartScheduleDbContext,AutoMapper.IMapper)
DA:16,1
DA:17,1
DA:18,1
DA:19,1
DA:20,1
FN:22,System.Void SmartSchedule.Application.Calendar.Queries.GetCalendarList.GetCalendarsListQueryHandler/<Handle>d__3::MoveNext()
FNDA:1,System.Void SmartSchedule.Application.Calendar.Queries.GetCalendarList.GetCalendarsListQueryHandler/<Handle>d__3::MoveNext()
DA:23,1
DA:24,1
DA:25,1
DA:26,1
DA:27,1
DA:28,1
BRDA:24,107,1,1
LF:11
LH:11
BRF:1
BRH:1
FNF:2
FNH:2
end_of_record
SF:C:\Studia\SmartScheduleBackend\SmartSchedule.Application\Calendar\Queries\GetCalendarDetails\CalendarDetailModel.cs
FN:9,System.Int32 SmartSchedule.Application.Calendar.Queries.GetCalendarDetails.CalendarDetailModel::get_Id()
FNDA:2,System.Int32 SmartSchedule.Application.Calendar.Queries.GetCalendarDetails.CalendarDetailModel::get_Id()
DA:10,2
FN:10,System.String SmartSchedule.Application.Calendar.Queries.GetCalendarDetails.CalendarDetailModel::get_Name()
FNDA:1,System.String SmartSchedule.Application.Calendar.Queries.GetCalendarDetails.CalendarDetailModel::get_Name()
DA:11,1
FN:11,System.String SmartSchedule.Application.Calendar.Queries.GetCalendarDetails.CalendarDetailModel::get_ColorHex()
FNDA:1,System.String SmartSchedule.Application.Calendar.Queries.GetCalendarDetails.CalendarDetailModel::get_ColorHex()
DA:12,1
FN:12,System.Collections.Generic.IList`1<SmartSchedule.Application.Calendar.Queries.GetCalendarDetails.EventLookupModel> SmartSchedule.Application.Calendar.Queries.GetCalendarDetails.CalendarDetailModel::get_Events()
FNDA:2,System.Collections.Generic.IList`1<SmartSchedule.Application.Calendar.Queries.GetCalendarDetails.EventLookupModel> SmartSchedule.Application.Calendar.Queries.GetCalendarDetails.CalendarDetailModel::get_Events()
DA:13,2
FN:17,System.Linq.Expressions.Expression`1<System.Func`2<SmartSchedule.Domain.Entities.Calendar,SmartSchedule.Application.Calendar.Queries.GetCalendarDetails.CalendarDetailModel>> SmartSchedule.Application.Calendar.Queries.GetCalendarDetails.CalendarDetailModel::get_Projection()
FNDA:1,System.Linq.Expressions.Expression`1<System.Func`2<SmartSchedule.Domain.Entities.Calendar,SmartSchedule.Application.Calendar.Queries.GetCalendarDetails.CalendarDetailModel>> SmartSchedule.Application.Calendar.Queries.GetCalendarDetails.CalendarDetailModel::get_Projection()
DA:18,1
DA:19,1
DA:20,1
DA:21,1
DA:22,1
DA:23,1
DA:24,1
DA:25,1
DA:26,1
DA:27,1
DA:28,1
DA:29,1
DA:30,1
DA:31,1
DA:32,1
DA:33,1
DA:34,1
DA:35,1
DA:36,1
FN:39,SmartSchedule.Application.Calendar.Queries.GetCalendarDetails.CalendarDetailModel SmartSchedule.Application.Calendar.Queries.GetCalendarDetails.CalendarDetailModel::Create(SmartSchedule.Domain.Entities.Calendar)
FNDA:1,SmartSchedule.Application.Calendar.Queries.GetCalendarDetails.CalendarDetailModel SmartSchedule.Application.Calendar.Queries.GetCalendarDetails.CalendarDetailModel::Create(SmartSchedule.Domain.Entities.Calendar)
DA:40,1
DA:41,1
DA:42,1
LF:26
LH:26
BRF:0
BRH:0
FNF:6
FNH:6
end_of_record
SF:C:\Studia\SmartScheduleBackend\SmartSchedule.Application\Calendar\Queries\GetCalendarDetails\EventLookupModel.cs
FN:6,System.Int32 SmartSchedule.Application.Calendar.Queries.GetCalendarDetails.EventLookupModel::get_Id()
FNDA:0,System.Int32 SmartSchedule.Application.Calendar.Queries.GetCalendarDetails.EventLookupModel::get_Id()
DA:7,0
FN:7,System.DateTime SmartSchedule.Application.Calendar.Queries.GetCalendarDetails.EventLookupModel::get_StartDate()
FNDA:0,System.DateTime SmartSchedule.Application.Calendar.Queries.GetCalendarDetails.EventLookupModel::get_StartDate()
DA:8,0
FN:8,System.DateTime SmartSchedule.Application.Calendar.Queries.GetCalendarDetails.EventLookupModel::get_EndTime()
FNDA:0,System.DateTime SmartSchedule.Application.Calendar.Queries.GetCalendarDetails.EventLookupModel::get_EndTime()
DA:9,0
FN:9,System.String SmartSchedule.Application.Calendar.Queries.GetCalendarDetails.EventLookupModel::get_Name()
FNDA:0,System.String SmartSchedule.Application.Calendar.Queries.GetCalendarDetails.EventLookupModel::get_Name()
DA:10,0
FN:10,System.Int32 SmartSchedule.Application.Calendar.Queries.GetCalendarDetails.EventLookupModel::get_CalendarId()
FNDA:0,System.Int32 SmartSchedule.Application.Calendar.Queries.GetCalendarDetails.EventLookupModel::get_CalendarId()
DA:11,0
FN:11,System.String SmartSchedule.Application.Calendar.Queries.GetCalendarDetails.EventLookupModel::get_Longitude()
FNDA:0,System.String SmartSchedule.Application.Calendar.Queries.GetCalendarDetails.EventLookupModel::get_Longitude()
DA:12,0
FN:12,System.String SmartSchedule.Application.Calendar.Queries.GetCalendarDetails.EventLookupModel::get_Latitude()
FNDA:0,System.String SmartSchedule.Application.Calendar.Queries.GetCalendarDetails.EventLookupModel::get_Latitude()
DA:13,0
LF:7
LH:0
BRF:0
BRH:0
FNF:7
FNH:0
end_of_record
SF:C:\Studia\SmartScheduleBackend\SmartSchedule.Application\Calendar\Queries\GetCalendarDetails\GetCalendarDetailQuery.cs
FN:6,System.Int32 SmartSchedule.Application.Calendar.Queries.GetCalendarDetails.GetCalendarDetailQuery::get_Id()
FNDA:2,System.Int32 SmartSchedule.Application.Calendar.Queries.GetCalendarDetails.GetCalendarDetailQuery::get_Id()
DA:7,2
LF:1
LH:1
BRF:0
BRH:0
FNF:1
FNH:1
end_of_record
SF:C:\Studia\SmartScheduleBackend\SmartSchedule.Application\Calendar\Queries\GetCalendarDetails\GetCalendarDetailQueryHandler.cs
FN:12,System.Void SmartSchedule.Application.Calendar.Queries.GetCalendarDetails.GetCalendarDetailQueryHandler::.ctor(SmartSchedule.Persistence.SmartScheduleDbContext)
FNDA:1,System.Void SmartSchedule.Application.Calendar.Queries.GetCalendarDetails.GetCalendarDetailQueryHandler::.ctor(SmartSchedule.Persistence.SmartScheduleDbContext)
DA:13,1
DA:14,1
DA:15,1
DA:16,1
FN:17,System.Void SmartSchedule.Application.Calendar.Queries.GetCalendarDetails.GetCalendarDetailQueryHandler/<Handle>d__2::MoveNext()
FNDA:1,System.Void SmartSchedule.Application.Calendar.Queries.GetCalendarDetails.GetCalendarDetailQueryHandler/<Handle>d__2::MoveNext()
DA:18,1
DA:19,1
DA:21,1
DA:22,0
DA:23,0
DA:26,1
DA:28,1
DA:29,1
BRDA:19,74,1,1
BRDA:21,188,1,1
LF:12
LH:10
BRF:2
BRH:2
FNF:2
FNH:2
end_of_record
SF:C:\Studia\SmartScheduleBackend\SmartSchedule.Application\Calendar\Commands\UpdateCalendar\UpdateCalendarCommand.cs
FN:11,System.Int32 SmartSchedule.Application.Calendar.Commands.UpdateCalendar.UpdateCalendarCommand::get_Id()
FNDA:7,System.Int32 SmartSchedule.Application.Calendar.Commands.UpdateCalendar.UpdateCalendarCommand::get_Id()
DA:12,7
FN:12,System.String SmartSchedule.Application.Calendar.Commands.UpdateCalendar.UpdateCalendarCommand::get_Name()
FNDA:7,System.String SmartSchedule.Application.Calendar.Commands.UpdateCalendar.UpdateCalendarCommand::get_Name()
DA:13,7
FN:13,System.String SmartSchedule.Application.Calendar.Commands.UpdateCalendar.UpdateCalendarCommand::get_ColorHex()
FNDA:7,System.String SmartSchedule.Application.Calendar.Commands.UpdateCalendar.UpdateCalendarCommand::get_ColorHex()
DA:14,7
FN:19,System.Void SmartSchedule.Application.Calendar.Commands.UpdateCalendar.UpdateCalendarCommand/Handler::.ctor(SmartSchedule.Persistence.SmartScheduleDbContext)
[...]
FNDA:1,System.Void SmartSchedule.Test.Friends.QueryTests.GetFriendsListQueryTests/<GetFriendsList>d__3::MoveNext()
DA:27,1
DA:28,1
DA:30,1
DA:32,1
DA:33,1
DA:34,1
BRDA:30,90,1,1
LF:11
LH:11
BRF:1
BRH:1
FNF:2
FNH:2
end_of_record
SF:C:\Studia\SmartScheduleBackend\SmartSchedule.Test\Friends\QueryTests\GetPendingUserFriendRequestsQueryTests.cs
FN:18,System.Void SmartSchedule.Test.Friends.QueryTests.GetPendingUserFriendRequestsQueryTests::.ctor(SmartSchedule.Test.Infrastructure.TestFixture)
FNDA:1,System.Void SmartSchedule.Test.Friends.QueryTests.GetPendingUserFriendRequestsQueryTests::.ctor(SmartSchedule.Test.Infrastructure.TestFixture)
DA:19,1
DA:20,1
DA:21,1
DA:22,1
DA:23,1
FN:26,System.Void SmartSchedule.Test.Friends.QueryTests.GetPendingUserFriendRequestsQueryTests/<GetPendingUserFriendRequests>d__3::MoveNext()
FNDA:1,System.Void SmartSchedule.Test.Friends.QueryTests.GetPendingUserFriendRequestsQueryTests/<GetPendingUserFriendRequests>d__3::MoveNext()
DA:27,1
DA:28,1
DA:30,1
DA:32,1
DA:33,1
DA:34,1
BRDA:30,90,1,1
LF:11
LH:11
BRF:1
BRH:1
FNF:2
FNH:2
end_of_record
SF:C:\Studia\SmartScheduleBackend\SmartSchedule.Test\Friends\QueryTests\GetUserFriendRequestsQueryTests.cs
FN:18,System.Void SmartSchedule.Test.Friends.QueryTests.GetUserFriendRequestsQueryTests::.ctor(SmartSchedule.Test.Infrastructure.TestFixture)
FNDA:1,System.Void SmartSchedule.Test.Friends.QueryTests.GetUserFriendRequestsQueryTests::.ctor(SmartSchedule.Test.Infrastructure.TestFixture)
DA:19,1
DA:20,1
DA:21,1
DA:22,1
DA:23,1
FN:26,System.Void SmartSchedule.Test.Friends.QueryTests.GetUserFriendRequestsQueryTests/<GetPendingUserFriendRequests>d__3::MoveNext()
FNDA:1,System.Void SmartSchedule.Test.Friends.QueryTests.GetUserFriendRequestsQueryTests/<GetPendingUserFriendRequests>d__3::MoveNext()
DA:27,1
DA:28,1
DA:30,1
DA:32,1
DA:33,1
DA:34,1
BRDA:30,90,1,1
LF:11
LH:11
BRF:1
BRH:1
FNF:2
FNH:2
end_of_record
SF:C:\Studia\SmartScheduleBackend\SmartSchedule.Test\Events\CreateEventCommandTests.cs
FN:15,System.Void SmartSchedule.Test.Events.CreateCalendarCommandTests::.ctor(SmartSchedule.Test.Infrastructure.TestFixture)
FNDA:4,System.Void SmartSchedule.Test.Events.CreateCalendarCommandTests::.ctor(SmartSchedule.Test.Infrastructure.TestFixture)
DA:16,4
DA:17,4
DA:18,4
DA:19,4
FN:22,System.Void SmartSchedule.Test.Events.CreateCalendarCommandTests/<CreateEventShouldAddCalendarToDbContext>d__2::MoveNext()
FNDA:1,System.Void SmartSchedule.Test.Events.CreateCalendarCommandTests/<CreateEventShouldAddCalendarToDbContext>d__2::MoveNext()
DA:23,1
DA:25,1
DA:26,1
DA:27,1
DA:28,1
DA:29,1
DA:30,1
DA:31,1
DA:32,1
DA:33,1
DA:34,1
DA:35,1
DA:37,1
DA:39,1
DA:41,1
DA:43,1
DA:45,1
DA:47,1
DA:48,1
DA:49,1
DA:50,1
BRDA:39,243,1,1
BRDA:41,370,1,1
BRDA:43,523,1,1
BRDA:45,676,1,1
FN:53,System.Void SmartSchedule.Test.Events.CreateCalendarCommandTests/<CreateEventShouldThrowExceptionAfterProvidingNotExistingCalendar>d__3::MoveNext()
FNDA:1,System.Void SmartSchedule.Test.Events.CreateCalendarCommandTests/<CreateEventShouldThrowExceptionAfterProvidingNotExistingCalendar>d__3::MoveNext()
DA:54,1
DA:55,1
DA:56,1
DA:57,1
DA:58,1
DA:59,1
DA:60,1
DA:61,1
DA:62,1
DA:63,1
DA:64,1
DA:65,1
DA:67,1
DA:69,1
DA:70,1
BRDA:69,218,0,1
BRDA:69,218,1,1
FN:73,System.Void SmartSchedule.Test.Events.CreateCalendarCommandTests/<CreateEventShouldThrowExceptionAfterProvidingEmptyEventName>d__4::MoveNext()
FNDA:1,System.Void SmartSchedule.Test.Events.CreateCalendarCommandTests/<CreateEventShouldThrowExceptionAfterProvidingEmptyEventName>d__4::MoveNext()
DA:74,1
DA:75,1
DA:76,1
DA:77,1
DA:78,1
DA:79,1
DA:80,1
DA:81,1
DA:82,1
DA:83,1
DA:84,1
DA:85,1
DA:87,1
DA:89,1
DA:90,1
BRDA:89,214,0,1
BRDA:89,214,1,1
FN:93,System.Void SmartSchedule.Test.Events.CreateCalendarCommandTests/<CreateEventShouldThrowExceptionAfterProvidingEmptyLatitude>d__5::MoveNext()
FNDA:1,System.Void SmartSchedule.Test.Events.CreateCalendarCommandTests/<CreateEventShouldThrowExceptionAfterProvidingEmptyLatitude>d__5::MoveNext()
DA:94,1
DA:95,1
DA:96,1
DA:97,1
DA:98,1
DA:99,1
DA:100,1
DA:101,1
DA:102,1
DA:103,1
DA:104,1
DA:105,1
DA:107,1
DA:109,1
DA:110,1
BRDA:109,214,0,1
BRDA:109,214,1,1
LF:70
LH:70
BRF:10
BRH:10
FNF:5
FNH:5
end_of_record
SF:C:\Studia\SmartScheduleBackend\SmartSchedule.Test\Events\DeleteEventCommandTests.cs
FN:15,System.Void SmartSchedule.Test.Events.DeleteCalendarCommandTests::.ctor(SmartSchedule.Test.Infrastructure.TestFixture)
FNDA:2,System.Void SmartSchedule.Test.Events.DeleteCalendarCommandTests::.ctor(SmartSchedule.Test.Infrastructure.TestFixture)
DA:16,2
DA:17,2
DA:18,2
DA:19,2
FN:22,System.Void SmartSchedule.Test.Events.DeleteCalendarCommandTests/<DeleteEventShouldDeleteEventFromDbContext>d__2::MoveNext()
FNDA:1,System.Void SmartSchedule.Test.Events.DeleteCalendarCommandTests/<DeleteEventShouldDeleteEventFromDbContext>d__2::MoveNext()
DA:23,1
DA:25,1
DA:26,1
DA:27,1
DA:28,1
DA:29,1
DA:30,1
DA:32,1
DA:34,1
DA:36,1
DA:38,1
DA:39,1
BRDA:29,108,1,1
BRDA:34,278,1,1
BRDA:36,405,1,1
FN:42,System.Void SmartSchedule.Test.Events.DeleteCalendarCommandTests/<DeleteEventWithNotExistingIdShouldNotEventCalendarFromDbContext>d__3::MoveNext()
FNDA:1,System.Void SmartSchedule.Test.Events.DeleteCalendarCommandTests/<DeleteEventWithNotExistingIdShouldNotEventCalendarFromDbContext>d__3::MoveNext()
DA:43,1
DA:45,1
DA:46,1
DA:47,1
DA:48,1
DA:50,1
DA:52,1
DA:53,1
BRDA:52,97,0,1
BRDA:52,97,1,1
LF:24
LH:24
BRF:5
BRH:5
FNF:3
FNH:3
end_of_record
SF:C:\Studia\SmartScheduleBackend\SmartSchedule.Test\Events\GetEventDetailQueryHandlerTests.cs
FN:15,System.Void SmartSchedule.Test.Events.GetEventDetailQueryHandlerTests::.ctor(SmartSchedule.Test.Infrastructure.TestFixture)
FNDA:1,System.Void SmartSchedule.Test.Events.GetEventDetailQueryHandlerTests::.ctor(SmartSchedule.Test.Infrastructure.TestFixture)
DA:16,1
DA:17,1
DA:18,1
DA:19,1
FN:22,System.Void SmartSchedule.Test.Events.GetEventDetailQueryHandlerTests/<GetEventDetail>d__2::MoveNext()
FNDA:1,System.Void SmartSchedule.Test.Events.GetEventDetailQueryHandlerTests/<GetEventDetail>d__2::MoveNext()
DA:23,1
DA:24,1
DA:26,1
DA:28,1
DA:29,1
DA:30,1
BRDA:26,79,1,1
LF:10
LH:10
BRF:1
BRH:1
FNF:2
FNH:2
end_of_record
SF:C:\Studia\SmartScheduleBackend\SmartSchedule.Test\Events\GetEventListQueryHandlerTests.cs
FN:17,System.Void SmartSchedule.Test.Events.GetEventListQueryHandlerTests::.ctor(SmartSchedule.Test.Infrastructure.TestFixture)
FNDA:1,System.Void SmartSchedule.Test.Events.GetEventListQueryHandlerTests::.ctor(SmartSchedule.Test.Infrastructure.TestFixture)
DA:18,1
DA:19,1
DA:20,1
DA:21,1
DA:22,1
FN:25,System.Void SmartSchedule.Test.Events.GetEventListQueryHandlerTests/<GetEventsTest>d__3::MoveNext()
FNDA:1,System.Void SmartSchedule.Test.Events.GetEventListQueryHandlerTests/<GetEventsTest>d__3::MoveNext()
DA:26,1
DA:27,1
DA:29,1
DA:31,1
DA:32,1
BRDA:29,82,1,1
LF:10
LH:10
BRF:1
BRH:1
FNF:2
FNH:2
end_of_record
SF:C:\Studia\SmartScheduleBackend\SmartSchedule.Test\Events\UpdateEventCommandTests.cs
FN:16,System.Void SmartSchedule.Test.Events.UpdateEventCommandTests::.ctor(SmartSchedule.Test.Infrastructure.TestFixture)
FNDA:2,System.Void SmartSchedule.Test.Events.UpdateEventCommandTests::.ctor(SmartSchedule.Test.Infrastructure.TestFixture)
DA:17,2
DA:18,2
DA:19,2
DA:20,2
FN:23,System.Void SmartSchedule.Test.Events.UpdateEventCommandTests/<UpdateEventShouldUpdateEventInDbContext>d__2::MoveNext()
FNDA:1,System.Void SmartSchedule.Test.Events.UpdateEventCommandTests/<UpdateEventShouldUpdateEventInDbContext>d__2::MoveNext()
DA:24,1
DA:26,1
DA:27,1
DA:28,1
DA:29,1
DA:30,1
DA:31,1
DA:32,1
DA:33,1
DA:34,1
DA:35,1
DA:36,1
DA:38,1
DA:40,1
DA:42,1
DA:44,1
DA:45,1
DA:46,1
DA:47,1
DA:48,1
DA:49,1
DA:50,1
BRDA:24,14,0,1
BRDA:40,237,1,1
BRDA:42,364,1,1
FN:54,System.Void SmartSchedule.Test.Events.UpdateEventCommandTests/<UpdateEventProvidingNotExistingIdShouldNotUpdateEventInDbContext>d__3::MoveNext()
FNDA:1,System.Void SmartSchedule.Test.Events.UpdateEventCommandTests/<UpdateEventProvidingNotExistingIdShouldNotUpdateEventInDbContext>d__3::MoveNext()
DA:55,1
DA:57,1
DA:58,1
DA:59,1
DA:60,1
DA:61,1
DA:62,1
DA:63,1
DA:64,1
DA:65,1
DA:66,1
DA:67,1
DA:69,1
DA:71,1
DA:73,1
BRDA:71,235,0,1
BRDA:71,235,1,1
LF:41
LH:41
BRF:5
BRH:5
FNF:3
FNH:3
end_of_record
SF:C:\Studia\SmartScheduleBackend\SmartSchedule.Test\Calendars\AddFriendToCalendarCommandTests.cs
FN:16,System.Void SmartSchedule.Test.Calendars.AddFriendToCalendarCommandTests::.ctor(SmartSchedule.Test.Infrastructure.TestFixture)
FNDA:4,System.Void SmartSchedule.Test.Calendars.AddFriendToCalendarCommandTests::.ctor(SmartSchedule.Test.Infrastructure.TestFixture)
DA:17,4
DA:18,4
DA:19,4
DA:20,4
FN:23,System.Void SmartSchedule.Test.Calendars.AddFriendToCalendarCommandTests/<AddFriendToCalendarShouldAddUserCalendarToDbContext>d__2::MoveNext()
FNDA:1,System.Void SmartSchedule.Test.Calendars.AddFriendToCalendarCommandTests/<AddFriendToCalendarShouldAddUserCalendarToDbContext>d__2::MoveNext()
DA:24,1
DA:26,1
DA:27,1
DA:28,1
DA:29,1
DA:30,1
DA:32,1
DA:34,1
DA:36,1
DA:38,1
DA:39,1
DA:40,1
BRDA:24,14,0,1
BRDA:34,134,1,1
BRDA:36,464,1,1
FN:43,System.Void SmartSchedule.Test.Calendars.AddFriendToCalendarCommandTests/<AddFriendToCalendarProvidingWrongUserIdCShouldThrowException>d__3::MoveNext()
FNDA:1,System.Void SmartSchedule.Test.Calendars.AddFriendToCalendarCommandTests/<AddFriendToCalendarProvidingWrongUserIdCShouldThrowException>d__3::MoveNext()
DA:44,1
DA:46,1
DA:47,1
DA:48,1
DA:49,1
DA:50,1
DA:52,1
DA:54,1
DA:56,1
BRDA:54,108,0,1
BRDA:54,108,1,1
FN:59,System.Void SmartSchedule.Test.Calendars.AddFriendToCalendarCommandTests/<AddFriendToCalendarProvidingWrongCalendarIdCShouldThrowException>d__4::MoveNext()
FNDA:1,System.Void SmartSchedule.Test.Calendars.AddFriendToCalendarCommandTests/<AddFriendToCalendarProvidingWrongCalendarIdCShouldThrowException>d__4::MoveNext()
DA:60,1
DA:62,1
DA:63,1
DA:64,1
DA:65,1
DA:66,1
DA:68,1
DA:70,1
DA:72,1
BRDA:70,111,0,1
BRDA:70,111,1,1
FN:75,System.Void SmartSchedule.Test.Calendars.AddFriendToCalendarCommandTests/<AddFriendToCalendarProvidingExistingUserCalendarShouldThrowException>d__5::MoveNext()
FNDA:1,System.Void SmartSchedule.Test.Calendars.AddFriendToCalendarCommandTests/<AddFriendToCalendarProvidingExistingUserCalendarShouldThrowException>d__5::MoveNext()
DA:76,1
DA:78,1
DA:79,1
DA:80,1
DA:81,1
DA:82,1
DA:84,1
DA:86,1
DA:88,1
BRDA:86,107,0,1
BRDA:86,107,1,1
LF:43
LH:43
BRF:9
BRH:9
FNF:5
FNH:5
end_of_record
SF:C:\Studia\SmartScheduleBackend\SmartSchedule.Test\Calendars\CreateCalendarCommandTests.cs
FN:14,System.Void SmartSchedule.Test.Calendars.CreateCalendarCommandTests::.ctor(SmartSchedule.Test.Infrastructure.TestFixture)
FNDA:3,System.Void SmartSchedule.Test.Calendars.CreateCalendarCommandTests::.ctor(SmartSchedule.Test.Infrastructure.TestFixture)
DA:15,3
DA:16,3
DA:17,3
DA:18,3
FN:21,System.Void SmartSchedule.Test.Calendars.CreateCalendarCommandTests/<CreateCalendarShouldAddCalendarToDbContext>d__2::MoveNext()
FNDA:1,System.Void SmartSchedule.Test.Calendars.CreateCalendarCommandTests/<CreateCalendarShouldAddCalendarToDbContext>d__2::MoveNext()
DA:22,1
DA:24,1
DA:25,1
DA:26,1
DA:27,1
DA:28,1
DA:29,1
DA:31,1
DA:33,1
DA:35,1
DA:36,1
DA:38,1
DA:39,1
DA:40,1
BRDA:33,143,1,1
BRDA:35,269,1,1
BRDA:36,420,1,1
FN:43,System.Void SmartSchedule.Test.Calendars.CreateCalendarCommandTests/<CreateCalendarShouldThrowExceptionAfterProvidingNotExistingUser>d__3::MoveNext()
FNDA:1,System.Void SmartSchedule.Test.Calendars.CreateCalendarCommandTests/<CreateCalendarShouldThrowExceptionAfterProvidingNotExistingUser>d__3::MoveNext()
DA:44,1
DA:45,1
DA:46,1
DA:47,1
DA:48,1
DA:49,1
DA:50,1
DA:52,1
DA:54,1
DA:55,1
BRDA:54,127,0,1
BRDA:54,127,1,1
FN:58,System.Void SmartSchedule.Test.Calendars.CreateCalendarCommandTests/<CreateCalendarShouldThrowExceptionAfterProvidingEmptyCalendarName>d__4::MoveNext()
FNDA:1,System.Void SmartSchedule.Test.Calendars.CreateCalendarCommandTests/<CreateCalendarShouldThrowExceptionAfterProvidingEmptyCalendarName>d__4::MoveNext()
DA:59,1
DA:60,1
DA:61,1
DA:62,1
DA:63,1
DA:64,1
DA:65,1
DA:67,1
DA:69,1
DA:70,1
BRDA:69,123,0,1
BRDA:69,123,1,1
LF:38
LH:38
BRF:7
BRH:7
FNF:4
FNH:4
end_of_record
SF:C:\Studia\SmartScheduleBackend\SmartSchedule.Test\Calendars\DeleteCalendarCommandTests.cs
FN:16,System.Void SmartSchedule.Test.Calendars.DeleteCalendarCommandTests::.ctor(SmartSchedule.Test.Infrastructure.TestFixture)
FNDA:2,System.Void SmartSchedule.Test.Calendars.DeleteCalendarCommandTests::.ctor(SmartSchedule.Test.Infrastructure.TestFixture)
DA:17,2
DA:18,2
DA:19,2
DA:20,2
FN:23,System.Void SmartSchedule.Test.Calendars.DeleteCalendarCommandTests/<DeleteCalendarShouldDeleteCalendarFromDbContext>d__2::MoveNext()
FNDA:1,System.Void SmartSchedule.Test.Calendars.DeleteCalendarCommandTests/<DeleteCalendarShouldDeleteCalendarFromDbContext>d__2::MoveNext()
DA:24,1
DA:26,1
DA:27,1
DA:28,1
DA:29,1
DA:30,1
DA:31,1
DA:33,1
DA:35,1
DA:37,1
DA:39,1
DA:41,1
DA:43,1
DA:44,1
BRDA:30,117,1,1
BRDA:35,287,1,1
BRDA:37,414,1,1
BRDA:41,660,1,1
FN:47,System.Void SmartSchedule.Test.Calendars.DeleteCalendarCommandTests/<DeleteCalendarWithNotExistingIdShouldNotDeleteCalendarFromDbContext>d__3::MoveNext()
FNDA:1,System.Void SmartSchedule.Test.Calendars.DeleteCalendarCommandTests/<DeleteCalendarWithNotExistingIdShouldNotDeleteCalendarFromDbContext>d__3::MoveNext()
DA:48,1
DA:50,1
DA:51,1
DA:52,1
DA:53,1
DA:55,1
DA:57,1
DA:58,1
BRDA:57,97,0,1
BRDA:57,97,1,1
LF:26
LH:26
BRF:6
BRH:6
FNF:3
FNH:3
end_of_record
SF:C:\Studia\SmartScheduleBackend\SmartSchedule.Test\Calendars\DeleteEventsFromCalendarTests.cs
FN:15,System.Void SmartSchedule.Test.Calendars.DeleteEventsFromCalendarCommandTests::.ctor(SmartSchedule.Test.Infrastructure.TestFixture)
FNDA:2,System.Void SmartSchedule.Test.Calendars.DeleteEventsFromCalendarCommandTests::.ctor(SmartSchedule.Test.Infrastructure.TestFixture)
DA:16,2
DA:17,2
DA:18,2
DA:19,2
FN:22,System.Void SmartSchedule.Test.Calendars.DeleteEventsFromCalendarCommandTests/<DeleteEventsFromCalendarShouldRemoveThemInDbContext>d__2::MoveNext()
FNDA:1,System.Void SmartSchedule.Test.Calendars.DeleteEventsFromCalendarCommandTests/<DeleteEventsFromCalendarShouldRemoveThemInDbContext>d__2::MoveNext()
DA:23,1
DA:25,1
DA:26,1
DA:27,1
DA:28,1
DA:30,1
DA:32,1
DA:34,1
DA:36,1
DA:37,1
BRDA:23,14,0,1
BRDA:32,102,1,1
BRDA:34,228,1,1
FN:40,System.Void SmartSchedule.Test.Calendars.DeleteEventsFromCalendarCommandTests/<DeleteEventsFromCalendarProvidingNotExistingCalendarIdShouldThrowException>d__3::MoveNext()
FNDA:1,System.Void SmartSchedule.Test.Calendars.DeleteEventsFromCalendarCommandTests/<DeleteEventsFromCalendarProvidingNotExistingCalendarIdShouldThrowException>d__3::MoveNext()
DA:41,1
DA:43,1
DA:44,1
DA:45,1
DA:46,1
DA:48,1
DA:50,2
DA:52,1
BRDA:50,100,0,1
BRDA:50,100,1,1
LF:22
LH:22
BRF:5
BRH:5
FNF:3
FNH:3
end_of_record
SF:C:\Studia\SmartScheduleBackend\SmartSchedule.Test\Calendars\DeleteFriendFromCalendarCommandTests.cs
FN:16,System.Void SmartSchedule.Test.Calendars.DeleteFriendFromCalendarCommandTests::.ctor(SmartSchedule.Test.Infrastructure.TestFixture)
FNDA:3,System.Void SmartSchedule.Test.Calendars.DeleteFriendFromCalendarCommandTests::.ctor(SmartSchedule.Test.Infrastructure.TestFixture)
DA:17,3
DA:18,3
DA:19,3
DA:20,3
FN:23,System.Void SmartSchedule.Test.Calendars.DeleteFriendFromCalendarCommandTests/<DeleteFriendFromCalendarShouldRemoveUserCalendarButNoInUsersOrCalendarsInDbContext>d__2::MoveNext()
FNDA:1,System.Void SmartSchedule.Test.Calendars.DeleteFriendFromCalendarCommandTests/<DeleteFriendFromCalendarShouldRemoveUserCalendarButNoInUsersOrCalendarsInDbContext>d__2::MoveNext()
DA:24,1
DA:26,1
DA:27,1
DA:28,1
DA:29,1
DA:30,1
DA:32,1
DA:34,1
DA:36,1
DA:38,1
DA:40,1
DA:42,1
DA:43,1
DA:44,1
DA:45,1
BRDA:34,157,1,1
BRDA:36,487,1,1
BRDA:38,638,1,1
BRDA:40,791,1,1
FN:48,System.Void SmartSchedule.Test.Calendars.DeleteFriendFromCalendarCommandTests/<DeleteFriendFromCalendarProvidingNotExistingCalendarIdShouldThrowException>d__3::MoveNext()
FNDA:1,System.Void SmartSchedule.Test.Calendars.DeleteFriendFromCalendarCommandTests/<DeleteFriendFromCalendarProvidingNotExistingCalendarIdShouldThrowException>d__3::MoveNext()
DA:49,1
DA:51,1
DA:52,1
DA:53,1
DA:54,1
DA:55,1
DA:57,1
DA:59,2
DA:61,1
BRDA:59,111,0,1
BRDA:59,111,1,1
FN:64,System.Void SmartSchedule.Test.Calendars.DeleteFriendFromCalendarCommandTests/<DeleteFriendFromCalendarProvidingNotExistingUserIdShouldThrowException>d__4::MoveNext()
FNDA:1,System.Void SmartSchedule.Test.Calendars.DeleteFriendFromCalendarCommandTests/<DeleteFriendFromCalendarProvidingNotExistingUserIdShouldThrowException>d__4::MoveNext()
DA:65,1
DA:67,1
DA:68,1
DA:69,1
DA:70,1
DA:71,1
DA:73,1
DA:75,2
DA:77,1
BRDA:75,111,0,1
BRDA:75,111,1,1
LF:37
LH:37
BRF:8
BRH:8
FNF:4
FNH:4
end_of_record
SF:C:\Studia\SmartScheduleBackend\SmartSchedule.Test\Calendars\GetCalendarDetailQueryHandlerTests.cs
FN:16,System.Void SmartSchedule.Test.Calendars.GetCalendarDetailQueryHandlerTests::.ctor(SmartSchedule.Test.Infrastructure.TestFixture)
FNDA:1,System.Void SmartSchedule.Test.Calendars.GetCalendarDetailQueryHandlerTests::.ctor(SmartSchedule.Test.Infrastructure.TestFixture)
DA:17,1
DA:18,1
DA:19,1
DA:20,1
FN:23,System.Void SmartSchedule.Test.Calendars.GetCalendarDetailQueryHandlerTests/<GetCalendarDetail>d__2::MoveNext()
FNDA:1,System.Void SmartSchedule.Test.Calendars.GetCalendarDetailQueryHandlerTests/<GetCalendarDetail>d__2::MoveNext()
DA:24,1
DA:25,1
DA:27,1
DA:29,1
DA:30,1
DA:31,1
DA:32,1
BRDA:27,79,1,1
LF:11
LH:11
BRF:1
BRH:1
FNF:2
FNH:2
end_of_record
SF:C:\Studia\SmartScheduleBackend\SmartSchedule.Test\Calendars\GetCalendarsListQueryHandlerTests.cs
FN:17,System.Void SmartSchedule.Test.Calendars.GetCalendarsListQueryHandlerTests::.ctor(SmartSchedule.Test.Infrastructure.TestFixture)
FNDA:1,System.Void SmartSchedule.Test.Calendars.GetCalendarsListQueryHandlerTests::.ctor(SmartSchedule.Test.Infrastructure.TestFixture)
DA:18,1
DA:19,1
DA:20,1
DA:21,1
DA:22,1
FN:25,System.Void SmartSchedule.Test.Calendars.GetCalendarsListQueryHandlerTests/<GetCalendarsTest>d__3::MoveNext()
FNDA:1,System.Void SmartSchedule.Test.Calendars.GetCalendarsListQueryHandlerTests/<GetCalendarsTest>d__3::MoveNext()
DA:26,1
DA:27,1
DA:29,1
DA:31,1
DA:32,1
BRDA:29,82,1,1
LF:10
LH:10
BRF:1
BRH:1
FNF:2
FNH:2
end_of_record
SF:C:\Studia\SmartScheduleBackend\SmartSchedule.Test\Calendars\UpdateCalendarCommandTests.cs
FN:15,System.Void SmartSchedule.Test.Calendars.UpdateCalendarCommandTests::.ctor(SmartSchedule.Test.Infrastructure.TestFixture)
FNDA:3,System.Void SmartSchedule.Test.Calendars.UpdateCalendarCommandTests::.ctor(SmartSchedule.Test.Infrastructure.TestFixture)
DA:16,3
DA:17,3
DA:18,3
DA:19,3
FN:22,System.Void SmartSchedule.Test.Calendars.UpdateCalendarCommandTests/<UpdateCalendarShouldUpdateCalendarInDbContext>d__2::MoveNext()
FNDA:1,System.Void SmartSchedule.Test.Calendars.UpdateCalendarCommandTests/<UpdateCalendarShouldUpdateCalendarInDbContext>d__2::MoveNext()
DA:23,1
DA:25,1
DA:26,1
DA:27,1
DA:28,1
DA:29,1
DA:30,1
DA:32,1
DA:34,1
DA:36,1
DA:38,1
DA:39,1
DA:40,1
BRDA:23,14,0,1
BRDA:34,129,1,1
BRDA:36,255,1,1
FN:43,System.Void SmartSchedule.Test.Calendars.UpdateCalendarCommandTests/<UpdateCalendarProvidingEmptyDataShouldNotUpdateCalendarInDbContext>d__3::MoveNext()
FNDA:1,System.Void SmartSchedule.Test.Calendars.UpdateCalendarCommandTests/<UpdateCalendarProvidingEmptyDataShouldNotUpdateCalendarInDbContext>d__3::MoveNext()
DA:44,1
DA:46,1
DA:47,1
DA:48,1
DA:49,1
DA:50,1
DA:51,1
DA:53,1
DA:55,1
DA:57,1
BRDA:55,123,0,1
BRDA:55,123,1,1
FN:60,System.Void SmartSchedule.Test.Calendars.UpdateCalendarCommandTests/<UpdateCalendarProvidingNotExistindIdShouldNotUpdateCalendarInDbContext>d__4::MoveNext()
FNDA:1,System.Void SmartSchedule.Test.Calendars.UpdateCalendarCommandTests/<UpdateCalendarProvidingNotExistindIdShouldNotUpdateCalendarInDbContext>d__4::MoveNext()
DA:61,1
DA:63,1
DA:64,1
DA:65,1
DA:66,1
DA:67,1
DA:68,1
DA:70,1
DA:72,1
DA:74,1
BRDA:72,127,0,1
BRDA:72,127,1,1
LF:37
LH:37
BRF:7
BRH:7
FNF:4
FNH:4
end_of_record